#
# There is insufficient memory for the Java Runtime Environment to continue.
# Native memory allocation (malloc) failed to allocate 50976 bytes for Chunk::new
# Possible reasons:
#   The system is out of physical RAM or swap space
#   The process is running with CompressedOops enabled, and the Java Heap may be blocking the growth of the native heap
# Possible solutions:
#   Reduce memory load on the system
#   Increase physical memory or swap space
#   Check if swap backing store is full
#   Decrease Java heap size (-Xmx/-Xms)
#   Decrease number of Java threads
#   Decrease Java thread stack sizes (-Xss)
#   Set larger code cache with -XX:ReservedCodeCacheSize=
#   JVM is running with Unscaled Compressed Oops mode in which the Java heap is
#     placed in the first 4GB address space. The Java Heap base address is the
#     maximum limit for the native heap growth. Please use -XX:HeapBaseMinAddress
#     to set the Java Heap base and to place the Java Heap above 4GB virtual address.
# This output file may be truncated or incomplete.
#
#  Out of Memory Error (arena.cpp:184), pid=1676, tid=15348
#
# JRE version: Java(TM) SE Runtime Environment (18.0.1.1+2) (build 18.0.1.1+2-6)
# Java VM: Java HotSpot(TM) 64-Bit Server VM (18.0.1.1+2-6, mixed mode, sharing, tiered, compressed oops, compressed class ptrs, g1 gc, windows-amd64)
# No core dump will be written. Minidumps are not enabled by default on client versions of Windows
#

---------------  S U M M A R Y ------------

Command Line: -Dfile.encoding=UTF-8 --module-path=D:\project tourism\Travel Management System\build\classes travel.management.system.BookHotel

Host: Intel(R) Celeron(R) CPU N3350 @ 1.10GHz, 2 cores, 3G,  Windows 10 , 64 bit Build 21996 (10.0.21996.1)
Time: Sat Jul  9 10:53:52 2022 E. Africa Standard Time elapsed time: 1.114650 seconds (0d 0h 0m 1s)

---------------  T H R E A D  ---------------

Current thread (0x000001d93cd742f0):  JavaThread "C2 CompilerThread0" daemon [_thread_in_native, id=15348, stack(0x0000003bcbe00000,0x0000003bcbf00000)]


Current CompileTask:
C2:   1115  378       4       jdk.internal.org.objectweb.asm.ByteVector::putUTF8 (144 bytes)

Stack: [0x0000003bcbe00000,0x0000003bcbf00000]
Native frames: (J=compiled Java code, j=interpreted, Vv=VM code, C=native code)
V  [jvm.dll+0x69887a]
V  [jvm.dll+0x7f38bd]
V  [jvm.dll+0x7f51ce]
V  [jvm.dll+0x7f5883]
V  [jvm.dll+0x25ca3f]
V  [jvm.dll+0xb8c2f]
V  [jvm.dll+0xb8fa5]
V  [jvm.dll+0x2c794f]
V  [jvm.dll+0x5a05b0]
V  [jvm.dll+0x237f1e]
V  [jvm.dll+0x231672]
V  [jvm.dll+0x22eeeb]
V  [jvm.dll+0x1b9cfc]
V  [jvm.dll+0x23e8ca]
V  [jvm.dll+0x23cbb5]
V  [jvm.dll+0x7a5fb1]
V  [jvm.dll+0x7a03ea]
V  [jvm.dll+0x697725]
C  [ucrtbase.dll+0x26c0c]
C  [KERNEL32.DLL+0x154e0]
C  [ntdll.dll+0x485b]


---------------  P R O C E S S  ---------------

Threads class SMR info:
_java_thread_list=0x000001d941094040, length=12, elements={
0x000001d922032e70, 0x000001d93cd587f0, 0x000001d93cd59450, 0x000001d93cd71a30,
0x000001d93cd722e0, 0x000001d93cd72c80, 0x000001d93cd73620, 0x000001d93cd742f0,
0x000001d93cde2a30, 0x000001d93cde7af0, 0x000001d9220f3a30, 0x000001d941100c50
}

Java Threads: ( => current thread )
  0x000001d922032e70 JavaThread "main" [_thread_in_vm, id=13220, stack(0x0000003bcb100000,0x0000003bcb200000)]
  0x000001d93cd587f0 JavaThread "Reference Handler" daemon [_thread_blocked, id=4720, stack(0x0000003bcb800000,0x0000003bcb900000)]
  0x000001d93cd59450 JavaThread "Finalizer" daemon [_thread_blocked, id=2416, stack(0x0000003bcb900000,0x0000003bcba00000)]
  0x000001d93cd71a30 JavaThread "Signal Dispatcher" daemon [_thread_blocked, id=12124, stack(0x0000003bcba00000,0x0000003bcbb00000)]
  0x000001d93cd722e0 JavaThread "Attach Listener" daemon [_thread_blocked, id=9772, stack(0x0000003bcbb00000,0x0000003bcbc00000)]
  0x000001d93cd72c80 JavaThread "Service Thread" daemon [_thread_blocked, id=8588, stack(0x0000003bcbc00000,0x0000003bcbd00000)]
  0x000001d93cd73620 JavaThread "Monitor Deflation Thread" daemon [_thread_blocked, id=11476, stack(0x0000003bcbd00000,0x0000003bcbe00000)]
=>0x000001d93cd742f0 JavaThread "C2 CompilerThread0" daemon [_thread_in_native, id=15348, stack(0x0000003bcbe00000,0x0000003bcbf00000)]
  0x000001d93cde2a30 JavaThread "C1 CompilerThread0" daemon [_thread_blocked, id=8952, stack(0x0000003bcbf00000,0x0000003bcc000000)]
  0x000001d93cde7af0 JavaThread "Sweeper thread" daemon [_thread_blocked, id=6516, stack(0x0000003bcc000000,0x0000003bcc100000)]
  0x000001d9220f3a30 JavaThread "Common-Cleaner" daemon [_thread_blocked, id=4304, stack(0x0000003bcc100000,0x0000003bcc200000)]
  0x000001d941100c50 JavaThread "Notification Thread" daemon [_thread_blocked, id=14828, stack(0x0000003bcc200000,0x0000003bcc300000)]

Other Threads:
  0x000001d9220fe420 VMThread "VM Thread" [stack: 0x0000003bcb700000,0x0000003bcb800000] [id=10316]
  0x000001d941129c20 WatcherThread "VM Periodic Task Thread" [stack: 0x0000003bcc300000,0x0000003bcc400000] [id=11272]
  0x000001d9220737b0 WorkerThread "GC Thread#0" [stack: 0x0000003bcb200000,0x0000003bcb300000] [id=14632]
  0x000001d92207e1b0 ConcurrentGCThread "G1 Main Marker" [stack: 0x0000003bcb300000,0x0000003bcb400000] [id=9880]
  0x000001d92207fc80 WorkerThread "G1 Conc#0" [stack: 0x0000003bcb400000,0x0000003bcb500000] [id=14400]
  0x000001d9220a1470 ConcurrentGCThread "G1 Refine#0" [stack: 0x0000003bcb500000,0x0000003bcb600000] [id=10060]
  0x000001d9220a1d80 ConcurrentGCThread "G1 Service" [stack: 0x0000003bcb600000,0x0000003bcb700000] [id=7460]

Threads with active compile tasks:
C2 CompilerThread0     1238  378       4       jdk.internal.org.objectweb.asm.ByteVector::putUTF8 (144 bytes)

VM state: not at safepoint (normal execution)

VM Mutex/Monitor currently owned by a thread:  ([mutex/lock_event])
[0x000001d92202d020] Metaspace_lock - owner thread: 0x000001d922032e70

Heap address: 0x00000000c2a00000, size: 982 MB, Compressed Oops mode: 32-bit

CDS archive(s) mapped at: [0x0000000800000000-0x0000000800ba0000-0x0000000800ba0000), size 12189696, SharedBaseAddress: 0x0000000800000000, ArchiveRelocationMode: 0.
Compressed class space mapped at: 0x0000000800c00000-0x0000000840c00000, reserved size: 1073741824
Narrow klass base: 0x0000000800000000, Narrow klass shift: 0, Narrow klass range: 0x100000000

GC Precious Log:
 CardTable entry size: 512
 Card Set container configuration: InlinePtr #cards 5 size 8 Array Of Cards #cards 12 size 40 Howl #buckets 4 coarsen threshold 1843 Howl Bitmap #cards 512 size 80 coarsen threshold 460 Card regions per heap region 1 cards per card region 2048
 CPUs: 2 total, 2 available
 Memory: 3922M
 Large Page Support: Disabled
 NUMA Support: Disabled
 Compressed Oops: Enabled (32-bit)
 Heap Region Size: 1M
 Heap Min Capacity: 8M
 Heap Initial Capacity: 62M
 Heap Max Capacity: 982M
 Pre-touch: Disabled
 Parallel Workers: 2
 Concurrent Workers: 1
 Concurrent Refinement Workers: 2
 Periodic GC: Disabled

Heap:
 garbage-first heap   total 63488K, used 2048K [0x00000000c2a00000, 0x0000000100000000)
  region size 1024K, 3 young (3072K), 0 survivors (0K)
 Metaspace       used 1845K, committed 1984K, reserved 1114112K
  class space    used 161K, committed 256K, reserved 1048576K

Heap Regions: E=young(eden), S=young(survivor), O=old, HS=humongous(starts), HC=humongous(continues), CS=collection set, F=free, OA=open archive, CA=closed archive, TAMS=top-at-mark-start (previous, next)
|   0|0x00000000c2a00000, 0x00000000c2a00000, 0x00000000c2b00000|  0%| F|  |TAMS 0x00000000c2a00000, 0x00000000c2a00000| Untracked 
|   1|0x00000000c2b00000, 0x00000000c2b00000, 0x00000000c2c00000|  0%| F|  |TAMS 0x00000000c2b00000, 0x00000000c2b00000| Untracked 
|   2|0x00000000c2c00000, 0x00000000c2c00000, 0x00000000c2d00000|  0%| F|  |TAMS 0x00000000c2c00000, 0x00000000c2c00000| Untracked 
|   3|0x00000000c2d00000, 0x00000000c2d00000, 0x00000000c2e00000|  0%| F|  |TAMS 0x00000000c2d00000, 0x00000000c2d00000| Untracked 
|   4|0x00000000c2e00000, 0x00000000c2e00000, 0x00000000c2f00000|  0%| F|  |TAMS 0x00000000c2e00000, 0x00000000c2e00000| Untracked 
|   5|0x00000000c2f00000, 0x00000000c2f00000, 0x00000000c3000000|  0%| F|  |TAMS 0x00000000c2f00000, 0x00000000c2f00000| Untracked 
|   6|0x00000000c3000000, 0x00000000c3000000, 0x00000000c3100000|  0%| F|  |TAMS 0x00000000c3000000, 0x00000000c3000000| Untracked 
|   7|0x00000000c3100000, 0x00000000c3100000, 0x00000000c3200000|  0%| F|  |TAMS 0x00000000c3100000, 0x00000000c3100000| Untracked 
|   8|0x00000000c3200000, 0x00000000c3200000, 0x00000000c3300000|  0%| F|  |TAMS 0x00000000c3200000, 0x00000000c3200000| Untracked 
|   9|0x00000000c3300000, 0x00000000c3300000, 0x00000000c3400000|  0%| F|  |TAMS 0x00000000c3300000, 0x00000000c3300000| Untracked 
|  10|0x00000000c3400000, 0x00000000c3400000, 0x00000000c3500000|  0%| F|  |TAMS 0x00000000c3400000, 0x00000000c3400000| Untracked 
|  11|0x00000000c3500000, 0x00000000c3500000, 0x00000000c3600000|  0%| F|  |TAMS 0x00000000c3500000, 0x00000000c3500000| Untracked 
|  12|0x00000000c3600000, 0x00000000c3600000, 0x00000000c3700000|  0%| F|  |TAMS 0x00000000c3600000, 0x00000000c3600000| Untracked 
|  13|0x00000000c3700000, 0x00000000c3700000, 0x00000000c3800000|  0%| F|  |TAMS 0x00000000c3700000, 0x00000000c3700000| Untracked 
|  14|0x00000000c3800000, 0x00000000c3800000, 0x00000000c3900000|  0%| F|  |TAMS 0x00000000c3800000, 0x00000000c3800000| Untracked 
|  15|0x00000000c3900000, 0x00000000c3900000, 0x00000000c3a00000|  0%| F|  |TAMS 0x00000000c3900000, 0x00000000c3900000| Untracked 
|  16|0x00000000c3a00000, 0x00000000c3a00000, 0x00000000c3b00000|  0%| F|  |TAMS 0x00000000c3a00000, 0x00000000c3a00000| Untracked 
|  17|0x00000000c3b00000, 0x00000000c3b00000, 0x00000000c3c00000|  0%| F|  |TAMS 0x00000000c3b00000, 0x00000000c3b00000| Untracked 
|  18|0x00000000c3c00000, 0x00000000c3c00000, 0x00000000c3d00000|  0%| F|  |TAMS 0x00000000c3c00000, 0x00000000c3c00000| Untracked 
|  19|0x00000000c3d00000, 0x00000000c3d00000, 0x00000000c3e00000|  0%| F|  |TAMS 0x00000000c3d00000, 0x00000000c3d00000| Untracked 
|  20|0x00000000c3e00000, 0x00000000c3e00000, 0x00000000c3f00000|  0%| F|  |TAMS 0x00000000c3e00000, 0x00000000c3e00000| Untracked 
|  21|0x00000000c3f00000, 0x00000000c3f00000, 0x00000000c4000000|  0%| F|  |TAMS 0x00000000c3f00000, 0x00000000c3f00000| Untracked 
|  22|0x00000000c4000000, 0x00000000c4000000, 0x00000000c4100000|  0%| F|  |TAMS 0x00000000c4000000, 0x00000000c4000000| Untracked 
|  23|0x00000000c4100000, 0x00000000c4100000, 0x00000000c4200000|  0%| F|  |TAMS 0x00000000c4100000, 0x00000000c4100000| Untracked 
|  24|0x00000000c4200000, 0x00000000c4200000, 0x00000000c4300000|  0%| F|  |TAMS 0x00000000c4200000, 0x00000000c4200000| Untracked 
|  25|0x00000000c4300000, 0x00000000c4300000, 0x00000000c4400000|  0%| F|  |TAMS 0x00000000c4300000, 0x00000000c4300000| Untracked 
|  26|0x00000000c4400000, 0x00000000c4400000, 0x00000000c4500000|  0%| F|  |TAMS 0x00000000c4400000, 0x00000000c4400000| Untracked 
|  27|0x00000000c4500000, 0x00000000c4500000, 0x00000000c4600000|  0%| F|  |TAMS 0x00000000c4500000, 0x00000000c4500000| Untracked 
|  28|0x00000000c4600000, 0x00000000c4600000, 0x00000000c4700000|  0%| F|  |TAMS 0x00000000c4600000, 0x00000000c4600000| Untracked 
|  29|0x00000000c4700000, 0x00000000c4700000, 0x00000000c4800000|  0%| F|  |TAMS 0x00000000c4700000, 0x00000000c4700000| Untracked 
|  30|0x00000000c4800000, 0x00000000c4800000, 0x00000000c4900000|  0%| F|  |TAMS 0x00000000c4800000, 0x00000000c4800000| Untracked 
|  31|0x00000000c4900000, 0x00000000c4900000, 0x00000000c4a00000|  0%| F|  |TAMS 0x00000000c4900000, 0x00000000c4900000| Untracked 
|  32|0x00000000c4a00000, 0x00000000c4a00000, 0x00000000c4b00000|  0%| F|  |TAMS 0x00000000c4a00000, 0x00000000c4a00000| Untracked 
|  33|0x00000000c4b00000, 0x00000000c4b00000, 0x00000000c4c00000|  0%| F|  |TAMS 0x00000000c4b00000, 0x00000000c4b00000| Untracked 
|  34|0x00000000c4c00000, 0x00000000c4c00000, 0x00000000c4d00000|  0%| F|  |TAMS 0x00000000c4c00000, 0x00000000c4c00000| Untracked 
|  35|0x00000000c4d00000, 0x00000000c4d00000, 0x00000000c4e00000|  0%| F|  |TAMS 0x00000000c4d00000, 0x00000000c4d00000| Untracked 
|  36|0x00000000c4e00000, 0x00000000c4e00000, 0x00000000c4f00000|  0%| F|  |TAMS 0x00000000c4e00000, 0x00000000c4e00000| Untracked 
|  37|0x00000000c4f00000, 0x00000000c4f00000, 0x00000000c5000000|  0%| F|  |TAMS 0x00000000c4f00000, 0x00000000c4f00000| Untracked 
|  38|0x00000000c5000000, 0x00000000c5000000, 0x00000000c5100000|  0%| F|  |TAMS 0x00000000c5000000, 0x00000000c5000000| Untracked 
|  39|0x00000000c5100000, 0x00000000c5100000, 0x00000000c5200000|  0%| F|  |TAMS 0x00000000c5100000, 0x00000000c5100000| Untracked 
|  40|0x00000000c5200000, 0x00000000c5200000, 0x00000000c5300000|  0%| F|  |TAMS 0x00000000c5200000, 0x00000000c5200000| Untracked 
|  41|0x00000000c5300000, 0x00000000c5300000, 0x00000000c5400000|  0%| F|  |TAMS 0x00000000c5300000, 0x00000000c5300000| Untracked 
|  42|0x00000000c5400000, 0x00000000c5400000, 0x00000000c5500000|  0%| F|  |TAMS 0x00000000c5400000, 0x00000000c5400000| Untracked 
|  43|0x00000000c5500000, 0x00000000c5500000, 0x00000000c5600000|  0%| F|  |TAMS 0x00000000c5500000, 0x00000000c5500000| Untracked 
|  44|0x00000000c5600000, 0x00000000c5600000, 0x00000000c5700000|  0%| F|  |TAMS 0x00000000c5600000, 0x00000000c5600000| Untracked 
|  45|0x00000000c5700000, 0x00000000c5700000, 0x00000000c5800000|  0%| F|  |TAMS 0x00000000c5700000, 0x00000000c5700000| Untracked 
|  46|0x00000000c5800000, 0x00000000c5800000, 0x00000000c5900000|  0%| F|  |TAMS 0x00000000c5800000, 0x00000000c5800000| Untracked 
|  47|0x00000000c5900000, 0x00000000c5900000, 0x00000000c5a00000|  0%| F|  |TAMS 0x00000000c5900000, 0x00000000c5900000| Untracked 
|  48|0x00000000c5a00000, 0x00000000c5a00000, 0x00000000c5b00000|  0%| F|  |TAMS 0x00000000c5a00000, 0x00000000c5a00000| Untracked 
|  49|0x00000000c5b00000, 0x00000000c5b00000, 0x00000000c5c00000|  0%| F|  |TAMS 0x00000000c5b00000, 0x00000000c5b00000| Untracked 
|  50|0x00000000c5c00000, 0x00000000c5c00000, 0x00000000c5d00000|  0%| F|  |TAMS 0x00000000c5c00000, 0x00000000c5c00000| Untracked 
|  51|0x00000000c5d00000, 0x00000000c5d00000, 0x00000000c5e00000|  0%| F|  |TAMS 0x00000000c5d00000, 0x00000000c5d00000| Untracked 
|  52|0x00000000c5e00000, 0x00000000c5e00000, 0x00000000c5f00000|  0%| F|  |TAMS 0x00000000c5e00000, 0x00000000c5e00000| Untracked 
|  53|0x00000000c5f00000, 0x00000000c5f00000, 0x00000000c6000000|  0%| F|  |TAMS 0x00000000c5f00000, 0x00000000c5f00000| Untracked 
|  54|0x00000000c6000000, 0x00000000c6000000, 0x00000000c6100000|  0%| F|  |TAMS 0x00000000c6000000, 0x00000000c6000000| Untracked 
|  55|0x00000000c6100000, 0x00000000c6100000, 0x00000000c6200000|  0%| F|  |TAMS 0x00000000c6100000, 0x00000000c6100000| Untracked 
|  56|0x00000000c6200000, 0x00000000c6200000, 0x00000000c6300000|  0%| F|  |TAMS 0x00000000c6200000, 0x00000000c6200000| Untracked 
|  57|0x00000000c6300000, 0x00000000c6300000, 0x00000000c6400000|  0%| F|  |TAMS 0x00000000c6300000, 0x00000000c6300000| Untracked 
|  58|0x00000000c6400000, 0x00000000c6400000, 0x00000000c6500000|  0%| F|  |TAMS 0x00000000c6400000, 0x00000000c6400000| Untracked 
|  59|0x00000000c6500000, 0x00000000c657ba88, 0x00000000c6600000| 48%| E|  |TAMS 0x00000000c6500000, 0x00000000c6500000| Complete 
|  60|0x00000000c6600000, 0x00000000c6700000, 0x00000000c6700000|100%| E|CS|TAMS 0x00000000c6600000, 0x00000000c6600000| Complete 
|  61|0x00000000c6700000, 0x00000000c6800000, 0x00000000c6800000|100%| E|CS|TAMS 0x00000000c6700000, 0x00000000c6700000| Complete 

Card table byte_map: [0x000001d921e10000,0x000001d922000000] _byte_map_base: 0x000001d9217fb000

Marking Bits (Prev, Next): (CMBitMap*) 0x000001d922073db0, (CMBitMap*) 0x000001d922073df0
 Prev Bits: [0x000001d938b60000, 0x000001d939ab8000)
 Next Bits: [0x000001d939ac0000, 0x000001d93aa18000)

Polling page: 0x000001d9201d0000

Metaspace:

Usage:
  Non-class:      1.64 MB used.
      Class:    161.66 KB used.
       Both:      1.80 MB used.

Virtual space:
  Non-class space:       64.00 MB reserved,       1.69 MB (  3%) committed,  1 nodes.
      Class space:        1.00 GB reserved,     256.00 KB ( <1%) committed,  1 nodes.
             Both:        1.06 GB reserved,       1.94 MB ( <1%) committed. 

Chunk freelists:
   Non-Class:  3.94 MB
       Class:  3.72 MB
        Both:  7.65 MB

MaxMetaspaceSize: unlimited
CompressedClassSpaceSize: 1.00 GB
Initial GC threshold: 21.00 MB
Current GC threshold: 21.00 MB
CDS: on
MetaspaceReclaimPolicy: balanced
 - commit_granule_bytes: 65536.
 - commit_granule_words: 8192.
 - virtual_space_node_default_size: 8388608.
 - enlarge_chunks_in_place: 1.
 - new_chunks_are_fully_committed: 0.
 - uncommit_free_chunks: 1.
 - use_allocation_guard: 0.


Internal statistics:

num_allocs_failed_limit: 0.
num_arena_births: 56.
num_arena_deaths: 0.
num_vsnodes_births: 2.
num_vsnodes_deaths: 0.
num_space_committed: 31.
num_space_uncommitted: 0.
num_chunks_returned_to_freelist: 0.
num_chunks_taken_from_freelist: 63.
num_chunk_merges: 0.
num_chunk_splits: 42.
num_chunks_enlarged: 22.
num_inconsistent_stats: 0.

CodeHeap 'non-profiled nmethods': size=120064Kb used=118Kb max_used=118Kb free=119945Kb
 bounds [0x000001d931430000, 0x000001d9316a0000, 0x000001d938970000]
CodeHeap 'profiled nmethods': size=120000Kb used=479Kb max_used=479Kb free=119520Kb
 bounds [0x000001d929f00000, 0x000001d92a170000, 0x000001d931430000]
CodeHeap 'non-nmethods': size=5696Kb used=1138Kb max_used=1152Kb free=4557Kb
 bounds [0x000001d929970000, 0x000001d929be0000, 0x000001d929f00000]
 total_blobs=791 nmethods=376 adapters=329
 compilation: enabled
              stopped_count=0, restarted_count=0
 full_count=0

Compilation events (20 events):
Event: 1.095 Thread 0x000001d93cde2a30  361       3       java.lang.invoke.LambdaForm$BasicType::basicTypeSlots (8 bytes)
Event: 1.096 Thread 0x000001d93cde2a30 nmethod 361 0x000001d929f72010 code [0x000001d929f721a0, 0x000001d929f72318]
Event: 1.096 Thread 0x000001d93cde2a30  363       3       jdk.internal.org.objectweb.asm.SymbolTable::addConstantMemberReference (147 bytes)
Event: 1.097 Thread 0x000001d93cde2a30 nmethod 363 0x000001d929f72410 code [0x000001d929f72680, 0x000001d929f72f68]
Event: 1.097 Thread 0x000001d93cde2a30  362       3       sun.invoke.util.Wrapper::stackSlots (9 bytes)
Event: 1.097 Thread 0x000001d93cde2a30 nmethod 362 0x000001d929f73490 code [0x000001d929f73620, 0x000001d929f73738]
Event: 1.097 Thread 0x000001d93cde2a30  364       3       java.util.ImmutableCollections$List12::size (16 bytes)
Event: 1.097 Thread 0x000001d93cde2a30 nmethod 364 0x000001d929f73810 code [0x000001d929f739a0, 0x000001d929f73b38]
Event: 1.099 Thread 0x000001d93cde2a30  368       3       jdk.internal.org.objectweb.asm.Frame::push (59 bytes)
Event: 1.100 Thread 0x000001d93cde2a30 nmethod 368 0x000001d929f73c10 code [0x000001d929f73e40, 0x000001d929f74618]
Event: 1.100 Thread 0x000001d93cde2a30  369   !   3       java.lang.invoke.MemberName::getFieldType (176 bytes)
Event: 1.100 Thread 0x000001d93cd742f0  371       4       java.lang.invoke.MethodType::parameterType (7 bytes)
Event: 1.101 Thread 0x000001d93cd742f0 nmethod 371 0x000001d93144d290 code [0x000001d93144d400, 0x000001d93144d4b8]
Event: 1.102 Thread 0x000001d93cde2a30 nmethod 369 0x000001d929f74990 code [0x000001d929f74ca0, 0x000001d929f76138]
Event: 1.102 Thread 0x000001d93cde2a30  373       3       java.lang.invoke.MethodType::erase (8 bytes)
Event: 1.103 Thread 0x000001d93cde2a30 nmethod 373 0x000001d929f76790 code [0x000001d929f76920, 0x000001d929f76a58]
Event: 1.104 Thread 0x000001d93cde2a30  375       3       sun.invoke.util.VerifyType::isNullType (18 bytes)
Event: 1.104 Thread 0x000001d93cde2a30 nmethod 375 0x000001d929f76b10 code [0x000001d929f76cc0, 0x000001d929f76e98]
Event: 1.104 Thread 0x000001d93cd742f0  378       4       jdk.internal.org.objectweb.asm.ByteVector::putUTF8 (144 bytes)
Event: 1.107 Thread 0x000001d93cde2a30  377       3       jdk.internal.org.objectweb.asm.SymbolTable::addType (81 bytes)

GC Heap History (0 events):
No events

Deoptimization events (0 events):
No events

Classes loaded (20 events):
Event: 1.087 Loading class sun/awt/WeakIdentityHashMap
Event: 1.087 Loading class sun/awt/WeakIdentityHashMap done
Event: 1.088 Loading class sun/awt/SoftCache
Event: 1.088 Loading class sun/awt/SoftCache done
Event: 1.089 Loading class sun/awt/AppContext$State
Event: 1.089 Loading class sun/awt/AppContext$State done
Event: 1.089 Loading class sun/awt/AppContext$1
Event: 1.089 Loading class sun/awt/AppContext$1 done
Event: 1.089 Loading class java/awt/EventQueue
Event: 1.090 Loading class java/awt/EventQueue done
Event: 1.090 Loading class java/awt/EventQueue$1
Event: 1.090 Loading class java/awt/EventQueue$1 done
Event: 1.090 Loading class java/awt/EventQueue$2
Event: 1.090 Loading class sun/awt/AWTAccessor$EventQueueAccessor
Event: 1.090 Loading class sun/awt/AWTAccessor$EventQueueAccessor done
Event: 1.090 Loading class java/awt/EventQueue$2 done
Event: 1.090 Loading class java/awt/EventQueue$3
Event: 1.091 Loading class java/awt/EventQueue$3 done
Event: 1.091 Loading class java/awt/Queue
Event: 1.091 Loading class java/awt/Queue done

Classes unloaded (0 events):
No events

Classes redefined (0 events):
No events

Internal exceptions (7 events):
Event: 0.453 Thread 0x000001d922032e70 Exception <a 'sun/nio/fs/WindowsException'{0x00000000c67fcf50}> (0x00000000c67fcf50) 
thrown [s\open\src\hotspot\share\prims\jni.cpp, line 516]
Event: 0.454 Thread 0x000001d922032e70 Exception <a 'sun/nio/fs/WindowsException'{0x00000000c67fd448}> (0x00000000c67fd448) 
thrown [s\open\src\hotspot\share\prims\jni.cpp, line 516]
Event: 0.463 Thread 0x000001d922032e70 Exception <a 'sun/nio/fs/WindowsException'{0x00000000c67ff5c0}> (0x00000000c67ff5c0) 
thrown [s\open\src\hotspot\share\prims\jni.cpp, line 516]
Event: 0.464 Thread 0x000001d922032e70 Exception <a 'sun/nio/fs/WindowsException'{0x00000000c6600238}> (0x00000000c6600238) 
thrown [s\open\src\hotspot\share\prims\jni.cpp, line 516]
Event: 0.665 Thread 0x000001d922032e70 Exception <a 'java/lang/ClassNotFoundException'{0x00000000c66c3ef0}: sun/awt/resources/spi/awtProvider> (0x00000000c66c3ef0) 
thrown [s\open\src\hotspot\share\classfile\systemDictionary.cpp, line 255]
Event: 0.989 Thread 0x000001d922032e70 Exception <a 'java/io/FileNotFoundException'{0x00000000c65183b8}> (0x00000000c65183b8) 
thrown [s\open\src\hotspot\share\prims\jni.cpp, line 516]
Event: 1.012 Thread 0x000001d922032e70 Exception <a 'java/io/FileNotFoundException'{0x00000000c6545860}> (0x00000000c6545860) 
thrown [s\open\src\hotspot\share\prims\jni.cpp, line 516]

VM Operations (2 events):
Event: 0.466 Executing VM operation: HandshakeAllThreads
Event: 0.466 Executing VM operation: HandshakeAllThreads done

Events (19 events):
Event: 0.021 Loaded shared library C:\Program Files\Java\jdk-18.0.1.1\bin\java.dll
Event: 0.041 Loaded shared library C:\Program Files\Java\jdk-18.0.1.1\bin\jsvml.dll
Event: 0.041 Thread 0x000001d922032e70 Thread added: 0x000001d922032e70
Event: 0.050 Thread 0x000001d93cd587f0 Thread added: 0x000001d93cd587f0
Event: 0.051 Thread 0x000001d93cd59450 Thread added: 0x000001d93cd59450
Event: 0.185 Thread 0x000001d93cd71a30 Thread added: 0x000001d93cd71a30
Event: 0.185 Thread 0x000001d93cd722e0 Thread added: 0x000001d93cd722e0
Event: 0.185 Thread 0x000001d93cd72c80 Thread added: 0x000001d93cd72c80
Event: 0.185 Thread 0x000001d93cd73620 Thread added: 0x000001d93cd73620
Event: 0.185 Thread 0x000001d93cd742f0 Thread added: 0x000001d93cd742f0
Event: 0.195 Thread 0x000001d93cde2a30 Thread added: 0x000001d93cde2a30
Event: 0.197 Thread 0x000001d93cde7af0 Thread added: 0x000001d93cde7af0
Event: 0.357 Thread 0x000001d9220f3a30 Thread added: 0x000001d9220f3a30
Event: 0.409 Loaded shared library C:\Program Files\Java\jdk-18.0.1.1\bin\net.dll
Event: 0.414 Loaded shared library C:\Program Files\Java\jdk-18.0.1.1\bin\nio.dll
Event: 0.522 Thread 0x000001d941100c50 Thread added: 0x000001d941100c50
Event: 0.566 Loaded shared library C:\Program Files\Java\jdk-18.0.1.1\bin\zip.dll
Event: 0.624 Loaded shared library C:\Program Files\Java\jdk-18.0.1.1\bin\jimage.dll
Event: 0.887 Loaded shared library C:\Program Files\Java\jdk-18.0.1.1\bin\awt.dll


Dynamic libraries:
0x00007ff6a8460000 - 0x00007ff6a8470000 	C:\Program Files\Java\jdk-18.0.1.1\bin\java.exe
0x00007ff95de00000 - 0x00007ff95e007000 	C:\Windows\SYSTEM32\ntdll.dll
0x00007ff9536b0000 - 0x00007ff9536c6000 	C:\Program Files\Avast Software\Avast\aswhook.dll
0x00007ff95c480000 - 0x00007ff95c53d000 	C:\Windows\System32\KERNEL32.DLL
0x00007ff95b320000 - 0x00007ff95b692000 	C:\Windows\System32\KERNELBASE.dll
0x00007ff95b800000 - 0x00007ff95b911000 	C:\Windows\System32\ucrtbase.dll
0x00007ff953b60000 - 0x00007ff953b78000 	C:\Program Files\Java\jdk-18.0.1.1\bin\jli.dll
0x00007ff957ae0000 - 0x00007ff957afa000 	C:\Program Files\Java\jdk-18.0.1.1\bin\VCRUNTIME140.dll
0x00007ff95c560000 - 0x00007ff95c60c000 	C:\Windows\System32\ADVAPI32.dll
0x00007ff95c8f0000 - 0x00007ff95c993000 	C:\Windows\System32\msvcrt.dll
0x00007ff95be70000 - 0x00007ff95bf0d000 	C:\Windows\System32\sechost.dll
0x00007ff95cc80000 - 0x00007ff95cda1000 	C:\Windows\System32\RPCRT4.dll
0x00007ff95dc10000 - 0x00007ff95ddbc000 	C:\Windows\System32\USER32.dll
0x00007ff949100000 - 0x00007ff9493a5000 	C:\Windows\WinSxS\amd64_microsoft.windows.common-controls_6595b64144ccf1df_6.0.21996.1_none_7d6b053978bcd706\COMCTL32.dll
0x00007ff95b920000 - 0x00007ff95b946000 	C:\Windows\System32\win32u.dll
0x00007ff95c9a0000 - 0x00007ff95c9c9000 	C:\Windows\System32\GDI32.dll
0x00007ff95bbb0000 - 0x00007ff95bcc2000 	C:\Windows\System32\gdi32full.dll
0x00007ff95b6a0000 - 0x00007ff95b73d000 	C:\Windows\System32\msvcp_win.dll
0x00007ff9523d0000 - 0x00007ff9523da000 	C:\Windows\SYSTEM32\VERSION.dll
0x00007ff95c290000 - 0x00007ff95c2c1000 	C:\Windows\System32\IMM32.DLL
0x00007ff957bb0000 - 0x00007ff957bbc000 	C:\Program Files\Java\jdk-18.0.1.1\bin\vcruntime140_1.dll
0x00007ff9514e0000 - 0x00007ff95156d000 	C:\Program Files\Java\jdk-18.0.1.1\bin\msvcp140.dll
0x00007ff92baf0000 - 0x00007ff92c700000 	C:\Program Files\Java\jdk-18.0.1.1\bin\server\jvm.dll
0x00007ff95be60000 - 0x00007ff95be68000 	C:\Windows\System32\PSAPI.DLL
0x00007ff959250000 - 0x00007ff959259000 	C:\Windows\SYSTEM32\WSOCK32.dll
0x00007ff9535a0000 - 0x00007ff9535d3000 	C:\Windows\SYSTEM32\WINMM.dll
0x00007ff95cdb0000 - 0x00007ff95ce1f000 	C:\Windows\System32\WS2_32.dll
0x00007ff95a450000 - 0x00007ff95a467000 	C:\Windows\SYSTEM32\kernel.appcore.dll
0x00007ff957a90000 - 0x00007ff957a9a000 	C:\Program Files\Java\jdk-18.0.1.1\bin\jimage.dll
0x00007ff958ea0000 - 0x00007ff9590c1000 	C:\Windows\SYSTEM32\DBGHELP.DLL
0x00007ff952340000 - 0x00007ff952371000 	C:\Windows\SYSTEM32\dbgcore.DLL
0x00007ff95bb30000 - 0x00007ff95bbb0000 	C:\Windows\System32\bcryptPrimitives.dll
0x00007ff951600000 - 0x00007ff951625000 	C:\Program Files\Java\jdk-18.0.1.1\bin\java.dll
0x00007ff950cf0000 - 0x00007ff950dc6000 	C:\Program Files\Java\jdk-18.0.1.1\bin\jsvml.dll
0x00007ff95cfa0000 - 0x00007ff95d709000 	C:\Windows\System32\SHELL32.dll
0x00007ff9594e0000 - 0x00007ff959d38000 	C:\Windows\SYSTEM32\windows.storage.dll
0x00007ff95bf10000 - 0x00007ff95c285000 	C:\Windows\System32\combase.dll
0x00007ff959370000 - 0x00007ff9594d6000 	C:\Windows\SYSTEM32\wintypes.dll
0x00007ff95ceb0000 - 0x00007ff95cf9a000 	C:\Windows\System32\SHCORE.dll
0x00007ff95be00000 - 0x00007ff95be5d000 	C:\Windows\System32\shlwapi.dll
0x00007ff95b250000 - 0x00007ff95b271000 	C:\Windows\SYSTEM32\profapi.dll
0x00007ff953740000 - 0x00007ff953753000 	C:\Program Files\Java\jdk-18.0.1.1\bin\net.dll
0x00007ff953ce0000 - 0x00007ff953dec000 	C:\Windows\SYSTEM32\WINHTTP.dll
0x00007ff95a8d0000 - 0x00007ff95a937000 	C:\Windows\system32\mswsock.dll
0x00007ff9515e0000 - 0x00007ff9515f6000 	C:\Program Files\Java\jdk-18.0.1.1\bin\nio.dll
0x00007ff951570000 - 0x00007ff951588000 	C:\Program Files\Java\jdk-18.0.1.1\bin\zip.dll
0x00007ff950b60000 - 0x00007ff950cef000 	C:\Program Files\Java\jdk-18.0.1.1\bin\awt.dll
0x00007ff95c3a0000 - 0x00007ff95c476000 	C:\Windows\System32\OLEAUT32.dll
0x00007ff957d80000 - 0x00007ff957e12000 	C:\Windows\SYSTEM32\apphelp.dll

dbghelp: loaded successfully - version: 4.0.5 - missing functions: none
symbol engine: initialized successfully - sym options: 0x614 - pdb path: .;C:\Program Files\Java\jdk-18.0.1.1\bin;C:\Windows\SYSTEM32;C:\Program Files\Avast Software\Avast;C:\Windows\WinSxS\amd64_microsoft.windows.common-controls_6595b64144ccf1df_6.0.21996.1_none_7d6b053978bcd706;C:\Program Files\Java\jdk-18.0.1.1\bin\server

VM Arguments:
jvm_args: -Dfile.encoding=UTF-8 --module-path=D:\project tourism\Travel Management System\build\classes 
java_command: travel.management.system.BookHotel
java_class_path (initial): D:\Software Setups\mysql-connector-java-8.0.28\mysql-connector-java-8.0.28.jar;D:\project tourism\Travel Management System\build\classes
Launcher Type: SUN_STANDARD

[Global flags]
     intx CICompilerCount                          = 2                                         {product} {ergonomic}
     uint ConcGCThreads                            = 1                                         {product} {ergonomic}
     uint G1ConcRefinementThreads                  = 2                                         {product} {ergonomic}
   size_t G1HeapRegionSize                         = 1048576                                   {product} {ergonomic}
    uintx GCDrainStackTargetSize                   = 64                                        {product} {ergonomic}
   size_t InitialHeapSize                          = 65011712                                  {product} {ergonomic}
   size_t MarkStackSize                            = 4194304                                   {product} {ergonomic}
   size_t MaxHeapSize                              = 1029701632                                {product} {ergonomic}
   size_t MaxNewSize                               = 617611264                                 {product} {ergonomic}
   size_t MinHeapDeltaBytes                        = 1048576                                   {product} {ergonomic}
   size_t MinHeapSize                              = 8388608                                   {product} {ergonomic}
    uintx NonNMethodCodeHeapSize                   = 5826188                                {pd product} {ergonomic}
    uintx NonProfiledCodeHeapSize                  = 122916026                              {pd product} {ergonomic}
    uintx ProfiledCodeHeapSize                     = 122916026                              {pd product} {ergonomic}
    uintx ReservedCodeCacheSize                    = 251658240                              {pd product} {ergonomic}
     bool SegmentedCodeCache                       = true                                      {product} {ergonomic}
   size_t SoftMaxHeapSize                          = 1029701632                             {manageable} {ergonomic}
     bool UseCompressedClassPointers               = true                           {product lp64_product} {ergonomic}
     bool UseCompressedOops                        = true                           {product lp64_product} {ergonomic}
     bool UseG1GC                                  = true                                      {product} {ergonomic}
     bool UseLargePagesIndividualAllocation        = false                                  {pd product} {ergonomic}

Logging:
Log output configuration:
 #0: stdout all=warning uptime,level,tags foldmultilines=false
 #1: stderr all=off uptime,level,tags foldmultilines=false

Environment Variables:
JAVA_HOME=C:\Program Files\Java\jdk-18.0.1.1
PATH=C:\Program Files\Common Files\Oracle\Java\javapath;C:\ProgramData\Oracle\Java\javapath;C:\Windows\system32;C:\Windows;C:\Windows\System32\Wbem;C:\Windows\System32\WindowsPowerShell\v1.0\;C:\Windows\System32\OpenSSH\;C:\Program Files\Java\jdk-18.0.1.1\bin;C:\Program Files\MySQL\MySQL Shell 8.0\bin\;C:\Users\JANET\AppData\Local\Microsoft\WindowsApps;;C:\Users\JANET\AppData\Local\Programs\Microsoft VS Code\bin
USERNAME=JANET
OS=Windows_NT
PROCESSOR_IDENTIFIER=Intel64 Family 6 Model 92 Stepping 9, GenuineIntel



---------------  S Y S T E M  ---------------

OS:
 Windows 10 , 64 bit Build 21996 (10.0.21996.1)
OS uptime: 7 days 20:03 hours

CPU: total 2 (initial active 2) (2 cores per cpu, 1 threads per core) family 6 model 92 stepping 9 microcode 0x38, cx8, cmov, fxsr, mmx, 3dnowpref, sse, sse2, sse3, ssse3, sse4.1, sse4.2, popcnt, tsc, tscinvbit, aes, erms, clmul, sha, clflush, clflushopt

Memory: 4k page, system-wide physical 3922M (484M free)
TotalPageFile size 15698M (AvailPageFile size 3M)
current process WorkingSet (physical memory assigned to process): 37M, peak: 37M
current process commit charge ("private bytes"): 131M, peak: 131M

vm_info: Java HotSpot(TM) 64-Bit Server VM (18.0.1.1+2-6) for windows-amd64 JRE (18.0.1.1+2-6), built on Apr 25 2022 21:53:15 by "mach5one" with MS VC++ 16.8 / 16.9 (VS2019)

END.
