#
# There is insufficient memory for the Java Runtime Environment to continue.
# Native memory allocation (malloc) failed to allocate 33880 bytes for Chunk::new
# Possible reasons:
#   The system is out of physical RAM or swap space
#   The process is running with CompressedOops enabled, and the Java Heap may be blocking the growth of the native heap
# Possible solutions:
#   Reduce memory load on the system
#   Increase physical memory or swap space
#   Check if swap backing store is full
#   Decrease Java heap size (-Xmx/-Xms)
#   Decrease number of Java threads
#   Decrease Java thread stack sizes (-Xss)
#   Set larger code cache with -XX:ReservedCodeCacheSize=
#   JVM is running with Unscaled Compressed Oops mode in which the Java heap is
#     placed in the first 4GB address space. The Java Heap base address is the
#     maximum limit for the native heap growth. Please use -XX:HeapBaseMinAddress
#     to set the Java Heap base and to place the Java Heap above 4GB virtual address.
# This output file may be truncated or incomplete.
#
#  Out of Memory Error (arena.cpp:184), pid=3672, tid=4360
#
# JRE version:  (18.0.1.1+2) (build )
# Java VM: Java HotSpot(TM) 64-Bit Server VM (18.0.1.1+2-6, mixed mode, tiered, compressed oops, compressed class ptrs, g1 gc, windows-amd64)
# No core dump will be written. Minidumps are not enabled by default on client versions of Windows
#

---------------  S U M M A R Y ------------

Command Line: -Dfile.encoding=UTF-8 --module-path=D:\project tourism\Travel Management System\build\classes travel.management.system.BookHotel

Host: Intel(R) Celeron(R) CPU N3350 @ 1.10GHz, 2 cores, 3G,  Windows 10 , 64 bit Build 21996 (10.0.21996.1)
Time: Sat Jul  9 11:10:06 2022 E. Africa Standard Time elapsed time: 2.300358 seconds (0d 0h 0m 2s)

---------------  T H R E A D  ---------------

Current thread (0x000001b8c0436680):  JavaThread "main" [_thread_in_vm, id=4360, stack(0x0000008387b00000,0x0000008387c00000)]

Stack: [0x0000008387b00000,0x0000008387c00000]
Native frames: (J=compiled Java code, j=interpreted, Vv=VM code, C=native code)
V  [jvm.dll+0x69887a]
V  [jvm.dll+0x7f38bd]
V  [jvm.dll+0x7f51ce]
V  [jvm.dll+0x7f5883]
V  [jvm.dll+0x25ca3f]
V  [jvm.dll+0xb8c2f]
V  [jvm.dll+0xb8fa5]
V  [jvm.dll+0x20a7ba]
V  [jvm.dll+0x2095d2]
V  [jvm.dll+0x76cf6d]
V  [jvm.dll+0x76e2a6]
V  [jvm.dll+0x76e5d8]
V  [jvm.dll+0x254d46]
V  [jvm.dll+0x254f8f]
V  [jvm.dll+0x57c158]
V  [jvm.dll+0x57ef80]
V  [jvm.dll+0x3a4743]
V  [jvm.dll+0x3a3ddf]
C  0x000001b8c7d8a1c9

Java frames: (J=compiled Java code, j=interpreted, Vv=VM code)
j  java.lang.Throwable.<clinit>()V+23 java.base
v  ~StubRoutines::call_stub
j  java.lang.Thread.start0()V+0 java.base
j  java.lang.Thread.start()V+26 java.base
j  java.lang.ref.Finalizer.<clinit>()V+96 java.base
v  ~StubRoutines::call_stub

---------------  P R O C E S S  ---------------

Threads class SMR info:
_java_thread_list=0x000001b8db12a890, length=2, elements={
0x000001b8c0436680, 0x000001b8db18b050
}

Java Threads: ( => current thread )
=>0x000001b8c0436680 JavaThread "main" [_thread_in_vm, id=4360, stack(0x0000008387b00000,0x0000008387c00000)]
  0x000001b8db18b050 JavaThread "Reference Handler" daemon [_thread_blocked, id=8600, stack(0x0000008388300000,0x0000008388400000)]

Other Threads:
  0x000001b8db185640 VMThread "VM Thread" [stack: 0x0000008388200000,0x0000008388300000] [id=12916]
  0x000001b8c0475000 WorkerThread "GC Thread#0" [stack: 0x0000008387d00000,0x0000008387e00000] [id=9012]
  0x000001b8c047d9f0 ConcurrentGCThread "G1 Main Marker" [stack: 0x0000008387e00000,0x0000008387f00000] [id=13816]
  0x000001b8c0480400 WorkerThread "G1 Conc#0" [stack: 0x0000008387f00000,0x0000008388000000] [id=3284]
  0x000001b8c049f330 ConcurrentGCThread "G1 Refine#0" [stack: 0x0000008388000000,0x0000008388100000] [id=920]
  0x000001b8c049fc40 ConcurrentGCThread "G1 Service" [stack: 0x0000008388100000,0x0000008388200000] [id=3736]

Threads with active compile tasks:

VM state: not at safepoint (normal execution)

VM Mutex/Monitor currently owned by a thread: None

Heap address: 0x00000000c2a00000, size: 982 MB, Compressed Oops mode: 32-bit

CDS archive(s) not mapped
Compressed class space mapped at: 0x0000000100000000-0x0000000140000000, reserved size: 1073741824
Narrow klass base: 0x0000000000000000, Narrow klass shift: 3, Narrow klass range: 0x140000000

GC Precious Log:
 CardTable entry size: 512
 Card Set container configuration: InlinePtr #cards 5 size 8 Array Of Cards #cards 12 size 40 Howl #buckets 4 coarsen threshold 1843 Howl Bitmap #cards 512 size 80 coarsen threshold 460 Card regions per heap region 1 cards per card region 2048
 CPUs: 2 total, 2 available
 Memory: 3922M
 Large Page Support: Disabled
 NUMA Support: Disabled
 Compressed Oops: Enabled (32-bit)
 Heap Region Size: 1M
 Heap Min Capacity: 8M
 Heap Initial Capacity: 62M
 Heap Max Capacity: 982M
 Pre-touch: Disabled
 Parallel Workers: 2
 Concurrent Workers: 1
 Concurrent Refinement Workers: 2
 Periodic GC: Disabled

Heap:
 garbage-first heap   total 63488K, used 0K [0x00000000c2a00000, 0x0000000100000000)
  region size 1024K, 1 young (1024K), 0 survivors (0K)
 Metaspace       used 1652K, committed 1664K, reserved 1114112K
  class space    used 125K, committed 128K, reserved 1048576K

Heap Regions: E=young(eden), S=young(survivor), O=old, HS=humongous(starts), HC=humongous(continues), CS=collection set, F=free, OA=open archive, CA=closed archive, TAMS=top-at-mark-start (previous, next)
|   0|0x00000000c2a00000, 0x00000000c2a00000, 0x00000000c2b00000|  0%| F|  |TAMS 0x00000000c2a00000, 0x00000000c2a00000| Untracked 
|   1|0x00000000c2b00000, 0x00000000c2b00000, 0x00000000c2c00000|  0%| F|  |TAMS 0x00000000c2b00000, 0x00000000c2b00000| Untracked 
|   2|0x00000000c2c00000, 0x00000000c2c00000, 0x00000000c2d00000|  0%| F|  |TAMS 0x00000000c2c00000, 0x00000000c2c00000| Untracked 
|   3|0x00000000c2d00000, 0x00000000c2d00000, 0x00000000c2e00000|  0%| F|  |TAMS 0x00000000c2d00000, 0x00000000c2d00000| Untracked 
|   4|0x00000000c2e00000, 0x00000000c2e00000, 0x00000000c2f00000|  0%| F|  |TAMS 0x00000000c2e00000, 0x00000000c2e00000| Untracked 
|   5|0x00000000c2f00000, 0x00000000c2f00000, 0x00000000c3000000|  0%| F|  |TAMS 0x00000000c2f00000, 0x00000000c2f00000| Untracked 
|   6|0x00000000c3000000, 0x00000000c3000000, 0x00000000c3100000|  0%| F|  |TAMS 0x00000000c3000000, 0x00000000c3000000| Untracked 
|   7|0x00000000c3100000, 0x00000000c3100000, 0x00000000c3200000|  0%| F|  |TAMS 0x00000000c3100000, 0x00000000c3100000| Untracked 
|   8|0x00000000c3200000, 0x00000000c3200000, 0x00000000c3300000|  0%| F|  |TAMS 0x00000000c3200000, 0x00000000c3200000| Untracked 
|   9|0x00000000c3300000, 0x00000000c3300000, 0x00000000c3400000|  0%| F|  |TAMS 0x00000000c3300000, 0x00000000c3300000| Untracked 
|  10|0x00000000c3400000, 0x00000000c3400000, 0x00000000c3500000|  0%| F|  |TAMS 0x00000000c3400000, 0x00000000c3400000| Untracked 
|  11|0x00000000c3500000, 0x00000000c3500000, 0x00000000c3600000|  0%| F|  |TAMS 0x00000000c3500000, 0x00000000c3500000| Untracked 
|  12|0x00000000c3600000, 0x00000000c3600000, 0x00000000c3700000|  0%| F|  |TAMS 0x00000000c3600000, 0x00000000c3600000| Untracked 
|  13|0x00000000c3700000, 0x00000000c3700000, 0x00000000c3800000|  0%| F|  |TAMS 0x00000000c3700000, 0x00000000c3700000| Untracked 
|  14|0x00000000c3800000, 0x00000000c3800000, 0x00000000c3900000|  0%| F|  |TAMS 0x00000000c3800000, 0x00000000c3800000| Untracked 
|  15|0x00000000c3900000, 0x00000000c3900000, 0x00000000c3a00000|  0%| F|  |TAMS 0x00000000c3900000, 0x00000000c3900000| Untracked 
|  16|0x00000000c3a00000, 0x00000000c3a00000, 0x00000000c3b00000|  0%| F|  |TAMS 0x00000000c3a00000, 0x00000000c3a00000| Untracked 
|  17|0x00000000c3b00000, 0x00000000c3b00000, 0x00000000c3c00000|  0%| F|  |TAMS 0x00000000c3b00000, 0x00000000c3b00000| Untracked 
|  18|0x00000000c3c00000, 0x00000000c3c00000, 0x00000000c3d00000|  0%| F|  |TAMS 0x00000000c3c00000, 0x00000000c3c00000| Untracked 
|  19|0x00000000c3d00000, 0x00000000c3d00000, 0x00000000c3e00000|  0%| F|  |TAMS 0x00000000c3d00000, 0x00000000c3d00000| Untracked 
|  20|0x00000000c3e00000, 0x00000000c3e00000, 0x00000000c3f00000|  0%| F|  |TAMS 0x00000000c3e00000, 0x00000000c3e00000| Untracked 
|  21|0x00000000c3f00000, 0x00000000c3f00000, 0x00000000c4000000|  0%| F|  |TAMS 0x00000000c3f00000, 0x00000000c3f00000| Untracked 
|  22|0x00000000c4000000, 0x00000000c4000000, 0x00000000c4100000|  0%| F|  |TAMS 0x00000000c4000000, 0x00000000c4000000| Untracked 
|  23|0x00000000c4100000, 0x00000000c4100000, 0x00000000c4200000|  0%| F|  |TAMS 0x00000000c4100000, 0x00000000c4100000| Untracked 
|  24|0x00000000c4200000, 0x00000000c4200000, 0x00000000c4300000|  0%| F|  |TAMS 0x00000000c4200000, 0x00000000c4200000| Untracked 
|  25|0x00000000c4300000, 0x00000000c4300000, 0x00000000c4400000|  0%| F|  |TAMS 0x00000000c4300000, 0x00000000c4300000| Untracked 
|  26|0x00000000c4400000, 0x00000000c4400000, 0x00000000c4500000|  0%| F|  |TAMS 0x00000000c4400000, 0x00000000c4400000| Untracked 
|  27|0x00000000c4500000, 0x00000000c4500000, 0x00000000c4600000|  0%| F|  |TAMS 0x00000000c4500000, 0x00000000c4500000| Untracked 
|  28|0x00000000c4600000, 0x00000000c4600000, 0x00000000c4700000|  0%| F|  |TAMS 0x00000000c4600000, 0x00000000c4600000| Untracked 
|  29|0x00000000c4700000, 0x00000000c4700000, 0x00000000c4800000|  0%| F|  |TAMS 0x00000000c4700000, 0x00000000c4700000| Untracked 
|  30|0x00000000c4800000, 0x00000000c4800000, 0x00000000c4900000|  0%| F|  |TAMS 0x00000000c4800000, 0x00000000c4800000| Untracked 
|  31|0x00000000c4900000, 0x00000000c4900000, 0x00000000c4a00000|  0%| F|  |TAMS 0x00000000c4900000, 0x00000000c4900000| Untracked 
|  32|0x00000000c4a00000, 0x00000000c4a00000, 0x00000000c4b00000|  0%| F|  |TAMS 0x00000000c4a00000, 0x00000000c4a00000| Untracked 
|  33|0x00000000c4b00000, 0x00000000c4b00000, 0x00000000c4c00000|  0%| F|  |TAMS 0x00000000c4b00000, 0x00000000c4b00000| Untracked 
|  34|0x00000000c4c00000, 0x00000000c4c00000, 0x00000000c4d00000|  0%| F|  |TAMS 0x00000000c4c00000, 0x00000000c4c00000| Untracked 
|  35|0x00000000c4d00000, 0x00000000c4d00000, 0x00000000c4e00000|  0%| F|  |TAMS 0x00000000c4d00000, 0x00000000c4d00000| Untracked 
|  36|0x00000000c4e00000, 0x00000000c4e00000, 0x00000000c4f00000|  0%| F|  |TAMS 0x00000000c4e00000, 0x00000000c4e00000| Untracked 
|  37|0x00000000c4f00000, 0x00000000c4f00000, 0x00000000c5000000|  0%| F|  |TAMS 0x00000000c4f00000, 0x00000000c4f00000| Untracked 
|  38|0x00000000c5000000, 0x00000000c5000000, 0x00000000c5100000|  0%| F|  |TAMS 0x00000000c5000000, 0x00000000c5000000| Untracked 
|  39|0x00000000c5100000, 0x00000000c5100000, 0x00000000c5200000|  0%| F|  |TAMS 0x00000000c5100000, 0x00000000c5100000| Untracked 
|  40|0x00000000c5200000, 0x00000000c5200000, 0x00000000c5300000|  0%| F|  |TAMS 0x00000000c5200000, 0x00000000c5200000| Untracked 
|  41|0x00000000c5300000, 0x00000000c5300000, 0x00000000c5400000|  0%| F|  |TAMS 0x00000000c5300000, 0x00000000c5300000| Untracked 
|  42|0x00000000c5400000, 0x00000000c5400000, 0x00000000c5500000|  0%| F|  |TAMS 0x00000000c5400000, 0x00000000c5400000| Untracked 
|  43|0x00000000c5500000, 0x00000000c5500000, 0x00000000c5600000|  0%| F|  |TAMS 0x00000000c5500000, 0x00000000c5500000| Untracked 
|  44|0x00000000c5600000, 0x00000000c5600000, 0x00000000c5700000|  0%| F|  |TAMS 0x00000000c5600000, 0x00000000c5600000| Untracked 
|  45|0x00000000c5700000, 0x00000000c5700000, 0x00000000c5800000|  0%| F|  |TAMS 0x00000000c5700000, 0x00000000c5700000| Untracked 
|  46|0x00000000c5800000, 0x00000000c5800000, 0x00000000c5900000|  0%| F|  |TAMS 0x00000000c5800000, 0x00000000c5800000| Untracked 
|  47|0x00000000c5900000, 0x00000000c5900000, 0x00000000c5a00000|  0%| F|  |TAMS 0x00000000c5900000, 0x00000000c5900000| Untracked 
|  48|0x00000000c5a00000, 0x00000000c5a00000, 0x00000000c5b00000|  0%| F|  |TAMS 0x00000000c5a00000, 0x00000000c5a00000| Untracked 
|  49|0x00000000c5b00000, 0x00000000c5b00000, 0x00000000c5c00000|  0%| F|  |TAMS 0x00000000c5b00000, 0x00000000c5b00000| Untracked 
|  50|0x00000000c5c00000, 0x00000000c5c00000, 0x00000000c5d00000|  0%| F|  |TAMS 0x00000000c5c00000, 0x00000000c5c00000| Untracked 
|  51|0x00000000c5d00000, 0x00000000c5d00000, 0x00000000c5e00000|  0%| F|  |TAMS 0x00000000c5d00000, 0x00000000c5d00000| Untracked 
|  52|0x00000000c5e00000, 0x00000000c5e00000, 0x00000000c5f00000|  0%| F|  |TAMS 0x00000000c5e00000, 0x00000000c5e00000| Untracked 
|  53|0x00000000c5f00000, 0x00000000c5f00000, 0x00000000c6000000|  0%| F|  |TAMS 0x00000000c5f00000, 0x00000000c5f00000| Untracked 
|  54|0x00000000c6000000, 0x00000000c6000000, 0x00000000c6100000|  0%| F|  |TAMS 0x00000000c6000000, 0x00000000c6000000| Untracked 
|  55|0x00000000c6100000, 0x00000000c6100000, 0x00000000c6200000|  0%| F|  |TAMS 0x00000000c6100000, 0x00000000c6100000| Untracked 
|  56|0x00000000c6200000, 0x00000000c6200000, 0x00000000c6300000|  0%| F|  |TAMS 0x00000000c6200000, 0x00000000c6200000| Untracked 
|  57|0x00000000c6300000, 0x00000000c6300000, 0x00000000c6400000|  0%| F|  |TAMS 0x00000000c6300000, 0x00000000c6300000| Untracked 
|  58|0x00000000c6400000, 0x00000000c6400000, 0x00000000c6500000|  0%| F|  |TAMS 0x00000000c6400000, 0x00000000c6400000| Untracked 
|  59|0x00000000c6500000, 0x00000000c6500000, 0x00000000c6600000|  0%| F|  |TAMS 0x00000000c6500000, 0x00000000c6500000| Untracked 
|  60|0x00000000c6600000, 0x00000000c6600000, 0x00000000c6700000|  0%| F|  |TAMS 0x00000000c6600000, 0x00000000c6600000| Untracked 
|  61|0x00000000c6700000, 0x00000000c671ebf0, 0x00000000c6800000| 12%| E|  |TAMS 0x00000000c6700000, 0x00000000c6700000| Complete 

Card table byte_map: [0x000001b8c0100000,0x000001b8c02f0000] _byte_map_base: 0x000001b8bfaeb000

Marking Bits (Prev, Next): (CMBitMap*) 0x000001b8c0475600, (CMBitMap*) 0x000001b8c0475640
 Prev Bits: [0x000001b8d6f60000, 0x000001b8d7eb8000)
 Next Bits: [0x000001b8d7ec0000, 0x000001b8d8e18000)

Polling page: 0x000001b8be230000

Metaspace:

Usage:
  Non-class:      1.49 MB used.
      Class:    125.40 KB used.
       Both:      1.61 MB used.

Virtual space:
  Non-class space:       64.00 MB reserved,       1.50 MB (  2%) committed,  1 nodes.
      Class space:        1.00 GB reserved,     128.00 KB ( <1%) committed,  1 nodes.
             Both:        1.06 GB reserved,       1.62 MB ( <1%) committed. 

Chunk freelists:
   Non-Class:  0 bytes
       Class:  3.75 MB
        Both:  3.75 MB

MaxMetaspaceSize: unlimited
CompressedClassSpaceSize: 1.00 GB
Initial GC threshold: 21.00 MB
Current GC threshold: 17179869184.00 GB
CDS: off
MetaspaceReclaimPolicy: balanced
 - commit_granule_bytes: 65536.
 - commit_granule_words: 8192.
 - virtual_space_node_default_size: 8388608.
 - enlarge_chunks_in_place: 1.
 - new_chunks_are_fully_committed: 0.
 - uncommit_free_chunks: 1.
 - use_allocation_guard: 0.


Internal statistics:

num_allocs_failed_limit: 0.
num_arena_births: 2.
num_arena_deaths: 0.
num_vsnodes_births: 2.
num_vsnodes_deaths: 0.
num_space_committed: 26.
num_space_uncommitted: 0.
num_chunks_returned_to_freelist: 0.
num_chunks_taken_from_freelist: 3.
num_chunk_merges: 0.
num_chunk_splits: 1.
num_chunks_enlarged: 0.
num_inconsistent_stats: 0.

CodeHeap 'non-profiled nmethods': size=120064Kb used=0Kb max_used=0Kb free=120064Kb
 bounds [0x000001b8cf830000, 0x000001b8cfaa0000, 0x000001b8d6d70000]
CodeHeap 'profiled nmethods': size=120000Kb used=0Kb max_used=0Kb free=120000Kb
 bounds [0x000001b8c8300000, 0x000001b8c8570000, 0x000001b8cf830000]
CodeHeap 'non-nmethods': size=5696Kb used=352Kb max_used=352Kb free=5343Kb
 bounds [0x000001b8c7d70000, 0x000001b8c7fe0000, 0x000001b8c8300000]
 total_blobs=125 nmethods=0 adapters=99
 compilation: enabled
              stopped_count=0, restarted_count=0
 full_count=0

Compilation events (0 events):
No events

GC Heap History (0 events):
No events

Deoptimization events (0 events):
No events

Classes loaded (20 events):
Event: 2.198 Loading class java/lang/Math done
Event: 2.199 Loading class jdk/internal/reflect/ReflectionFactory
Event: 2.217 Loading class jdk/internal/reflect/ReflectionFactory done
Event: 2.219 Loading class java/lang/ref/Reference$ReferenceHandler
Event: 2.219 Loading class java/lang/ref/Reference$ReferenceHandler done
Event: 2.219 Loading class jdk/internal/ref/Cleaner
Event: 2.220 Loading class jdk/internal/ref/Cleaner done
Event: 2.221 Loading class java/lang/ref/ReferenceQueue
Event: 2.222 Loading class java/lang/ref/ReferenceQueue done
Event: 2.223 Loading class java/lang/ref/ReferenceQueue$Null
Event: 2.223 Loading class java/lang/ref/ReferenceQueue$Null done
Event: 2.223 Loading class java/lang/ref/ReferenceQueue$Lock
Event: 2.223 Loading class java/lang/ref/ReferenceQueue$Lock done
Event: 2.224 Loading class java/lang/ref/Reference$1
Event: 2.225 Loading class jdk/internal/access/JavaLangRefAccess
Event: 2.225 Loading class jdk/internal/access/JavaLangRefAccess done
Event: 2.225 Loading class java/lang/ref/Reference$1 done
Event: 2.225 Loading class java/lang/ref/Finalizer$FinalizerThread
Event: 2.226 Loading class java/lang/ref/Finalizer$FinalizerThread done
Event: 2.227 Loading class java/util/Collections

Classes unloaded (0 events):
No events

Classes redefined (0 events):
No events

Internal exceptions (0 events):
No events

VM Operations (0 events):
No events

Events (4 events):
Event: 0.037 Loaded shared library C:\Program Files\Java\jdk-18.0.1.1\bin\java.dll
Event: 1.881 Loaded shared library C:\Program Files\Java\jdk-18.0.1.1\bin\jsvml.dll
Event: 1.881 Thread 0x000001b8c0436680 Thread added: 0x000001b8c0436680
Event: 2.224 Thread 0x000001b8db18b050 Thread added: 0x000001b8db18b050


Dynamic libraries:
0x00007ff6a8460000 - 0x00007ff6a8470000 	C:\Program Files\Java\jdk-18.0.1.1\bin\java.exe
0x00007ff95de00000 - 0x00007ff95e007000 	C:\Windows\SYSTEM32\ntdll.dll
0x00007ff9536b0000 - 0x00007ff9536c6000 	C:\Program Files\Avast Software\Avast\aswhook.dll
0x00007ff95c480000 - 0x00007ff95c53d000 	C:\Windows\System32\KERNEL32.DLL
0x00007ff95b320000 - 0x00007ff95b692000 	C:\Windows\System32\KERNELBASE.dll
0x00007ff95b800000 - 0x00007ff95b911000 	C:\Windows\System32\ucrtbase.dll
0x00007ff953b60000 - 0x00007ff953b78000 	C:\Program Files\Java\jdk-18.0.1.1\bin\jli.dll
0x00007ff95c560000 - 0x00007ff95c60c000 	C:\Windows\System32\ADVAPI32.dll
0x00007ff95c8f0000 - 0x00007ff95c993000 	C:\Windows\System32\msvcrt.dll
0x00007ff95be70000 - 0x00007ff95bf0d000 	C:\Windows\System32\sechost.dll
0x00007ff95cc80000 - 0x00007ff95cda1000 	C:\Windows\System32\RPCRT4.dll
0x00007ff95dc10000 - 0x00007ff95ddbc000 	C:\Windows\System32\USER32.dll
0x00007ff95b920000 - 0x00007ff95b946000 	C:\Windows\System32\win32u.dll
0x00007ff95c9a0000 - 0x00007ff95c9c9000 	C:\Windows\System32\GDI32.dll
0x00007ff95bbb0000 - 0x00007ff95bcc2000 	C:\Windows\System32\gdi32full.dll
0x00007ff95b6a0000 - 0x00007ff95b73d000 	C:\Windows\System32\msvcp_win.dll
0x00007ff957ae0000 - 0x00007ff957afa000 	C:\Program Files\Java\jdk-18.0.1.1\bin\VCRUNTIME140.dll
0x00007ff949100000 - 0x00007ff9493a5000 	C:\Windows\WinSxS\amd64_microsoft.windows.common-controls_6595b64144ccf1df_6.0.21996.1_none_7d6b053978bcd706\COMCTL32.dll
0x00007ff9523d0000 - 0x00007ff9523da000 	C:\Windows\SYSTEM32\VERSION.dll
0x00007ff95c290000 - 0x00007ff95c2c1000 	C:\Windows\System32\IMM32.DLL
0x00007ff957bb0000 - 0x00007ff957bbc000 	C:\Program Files\Java\jdk-18.0.1.1\bin\vcruntime140_1.dll
0x00007ff9514e0000 - 0x00007ff95156d000 	C:\Program Files\Java\jdk-18.0.1.1\bin\msvcp140.dll
0x00007ff92baf0000 - 0x00007ff92c700000 	C:\Program Files\Java\jdk-18.0.1.1\bin\server\jvm.dll
0x00007ff95be60000 - 0x00007ff95be68000 	C:\Windows\System32\PSAPI.DLL
0x00007ff959250000 - 0x00007ff959259000 	C:\Windows\SYSTEM32\WSOCK32.dll
0x00007ff95cdb0000 - 0x00007ff95ce1f000 	C:\Windows\System32\WS2_32.dll
0x00007ff9535a0000 - 0x00007ff9535d3000 	C:\Windows\SYSTEM32\WINMM.dll
0x00007ff95a450000 - 0x00007ff95a467000 	C:\Windows\SYSTEM32\kernel.appcore.dll
0x00007ff957a90000 - 0x00007ff957a9a000 	C:\Program Files\Java\jdk-18.0.1.1\bin\jimage.dll
0x00007ff958ea0000 - 0x00007ff9590c1000 	C:\Windows\SYSTEM32\DBGHELP.DLL
0x00007ff952340000 - 0x00007ff952371000 	C:\Windows\SYSTEM32\dbgcore.DLL
0x00007ff95bb30000 - 0x00007ff95bbb0000 	C:\Windows\System32\bcryptPrimitives.dll
0x00007ff951600000 - 0x00007ff951625000 	C:\Program Files\Java\jdk-18.0.1.1\bin\java.dll
0x00007ff950cf0000 - 0x00007ff950dc6000 	C:\Program Files\Java\jdk-18.0.1.1\bin\jsvml.dll

dbghelp: loaded successfully - version: 4.0.5 - missing functions: none
symbol engine: initialized successfully - sym options: 0x614 - pdb path: .;C:\Program Files\Java\jdk-18.0.1.1\bin;C:\Windows\SYSTEM32;C:\Program Files\Avast Software\Avast;C:\Windows\WinSxS\amd64_microsoft.windows.common-controls_6595b64144ccf1df_6.0.21996.1_none_7d6b053978bcd706;C:\Program Files\Java\jdk-18.0.1.1\bin\server

VM Arguments:
jvm_args: -Dfile.encoding=UTF-8 --module-path=D:\project tourism\Travel Management System\build\classes 
java_command: travel.management.system.BookHotel
java_class_path (initial): D:\Software Setups\mysql-connector-java-8.0.28\mysql-connector-java-8.0.28.jar;D:\project tourism\Travel Management System\build\classes
Launcher Type: SUN_STANDARD

[Global flags]
     intx CICompilerCount                          = 2                                         {product} {ergonomic}
     uint ConcGCThreads                            = 1                                         {product} {ergonomic}
     uint G1ConcRefinementThreads                  = 2                                         {product} {ergonomic}
   size_t G1HeapRegionSize                         = 1048576                                   {product} {ergonomic}
    uintx GCDrainStackTargetSize                   = 64                                        {product} {ergonomic}
   size_t InitialHeapSize                          = 65011712                                  {product} {ergonomic}
   size_t MarkStackSize                            = 4194304                                   {product} {ergonomic}
   size_t MaxHeapSize                              = 1029701632                                {product} {ergonomic}
   size_t MaxNewSize                               = 617611264                                 {product} {ergonomic}
   size_t MinHeapDeltaBytes                        = 1048576                                   {product} {ergonomic}
   size_t MinHeapSize                              = 8388608                                   {product} {ergonomic}
    uintx NonNMethodCodeHeapSize                   = 5826188                                {pd product} {ergonomic}
    uintx NonProfiledCodeHeapSize                  = 122916026                              {pd product} {ergonomic}
    uintx ProfiledCodeHeapSize                     = 122916026                              {pd product} {ergonomic}
    uintx ReservedCodeCacheSize                    = 251658240                              {pd product} {ergonomic}
     bool SegmentedCodeCache                       = true                                      {product} {ergonomic}
   size_t SoftMaxHeapSize                          = 1029701632                             {manageable} {ergonomic}
     bool UseCompressedClassPointers               = true                           {product lp64_product} {ergonomic}
     bool UseCompressedOops                        = true                           {product lp64_product} {ergonomic}
     bool UseG1GC                                  = true                                      {product} {ergonomic}
     bool UseLargePagesIndividualAllocation        = false                                  {pd product} {ergonomic}

Logging:
Log output configuration:
 #0: stdout all=warning uptime,level,tags foldmultilines=false
 #1: stderr all=off uptime,level,tags foldmultilines=false

Environment Variables:
JAVA_HOME=C:\Program Files\Java\jdk-18.0.1.1
PATH=C:\Program Files\Common Files\Oracle\Java\javapath;C:\ProgramData\Oracle\Java\javapath;C:\Windows\system32;C:\Windows;C:\Windows\System32\Wbem;C:\Windows\System32\WindowsPowerShell\v1.0\;C:\Windows\System32\OpenSSH\;C:\Program Files\Java\jdk-18.0.1.1\bin;C:\Program Files\MySQL\MySQL Shell 8.0\bin\;C:\Users\JANET\AppData\Local\Microsoft\WindowsApps;;C:\Users\JANET\AppData\Local\Programs\Microsoft VS Code\bin
USERNAME=JANET
OS=Windows_NT
PROCESSOR_IDENTIFIER=Intel64 Family 6 Model 92 Stepping 9, GenuineIntel



---------------  S Y S T E M  ---------------

OS:
 Windows 10 , 64 bit Build 21996 (10.0.21996.1)
OS uptime: 7 days 20:20 hours

CPU: total 2 (initial active 2) (2 cores per cpu, 1 threads per core) family 6 model 92 stepping 9 microcode 0x38, cx8, cmov, fxsr, mmx, 3dnowpref, sse, sse2, sse3, ssse3, sse4.1, sse4.2, popcnt, tsc, tscinvbit, aes, erms, clmul, sha, clflush, clflushopt

Memory: 4k page, system-wide physical 3922M (376M free)
TotalPageFile size 15698M (AvailPageFile size 4M)
current process WorkingSet (physical memory assigned to process): 16M, peak: 16M
current process commit charge ("private bytes"): 115M, peak: 116M

vm_info: Java HotSpot(TM) 64-Bit Server VM (18.0.1.1+2-6) for windows-amd64 JRE (18.0.1.1+2-6), built on Apr 25 2022 21:53:15 by "mach5one" with MS VC++ 16.8 / 16.9 (VS2019)

END.
