#
# There is insufficient memory for the Java Runtime Environment to continue.
# Native memory allocation (malloc) failed to allocate 279936 bytes for Chunk::new
# Possible reasons:
#   The system is out of physical RAM or swap space
#   The process is running with CompressedOops enabled, and the Java Heap may be blocking the growth of the native heap
# Possible solutions:
#   Reduce memory load on the system
#   Increase physical memory or swap space
#   Check if swap backing store is full
#   Decrease Java heap size (-Xmx/-Xms)
#   Decrease number of Java threads
#   Decrease Java thread stack sizes (-Xss)
#   Set larger code cache with -XX:ReservedCodeCacheSize=
#   JVM is running with Unscaled Compressed Oops mode in which the Java heap is
#     placed in the first 4GB address space. The Java Heap base address is the
#     maximum limit for the native heap growth. Please use -XX:HeapBaseMinAddress
#     to set the Java Heap base and to place the Java Heap above 4GB virtual address.
# This output file may be truncated or incomplete.
#
#  Out of Memory Error (arena.cpp:184), pid=9732, tid=1076
#
# JRE version: Java(TM) SE Runtime Environment (18.0.1.1+2) (build 18.0.1.1+2-6)
# Java VM: Java HotSpot(TM) 64-Bit Server VM (18.0.1.1+2-6, mixed mode, sharing, tiered, compressed oops, compressed class ptrs, g1 gc, windows-amd64)
# No core dump will be written. Minidumps are not enabled by default on client versions of Windows
#

---------------  S U M M A R Y ------------

Command Line: -Dfile.encoding=UTF-8 --module-path=D:\project tourism\Travel Management System\build\classes travel.management.system.BookHotel

Host: Intel(R) Celeron(R) CPU N3350 @ 1.10GHz, 2 cores, 3G,  Windows 10 , 64 bit Build 21996 (10.0.21996.1)
Time: Sat Jul  9 11:49:27 2022 E. Africa Standard Time elapsed time: 1.601283 seconds (0d 0h 0m 1s)

---------------  T H R E A D  ---------------

Current thread (0x000001afe1221a70):  JavaThread "C2 CompilerThread0" daemon [_thread_in_native, id=1076, stack(0x0000008cda400000,0x0000008cda500000)]


Current CompileTask:
C2:   1601  628       4       java.util.Properties::loadConvert (540 bytes)

Stack: [0x0000008cda400000,0x0000008cda500000]
Native frames: (J=compiled Java code, j=interpreted, Vv=VM code, C=native code)
V  [jvm.dll+0x69887a]
V  [jvm.dll+0x7f38bd]
V  [jvm.dll+0x7f51ce]
V  [jvm.dll+0x7f5883]
V  [jvm.dll+0x25ca3f]
V  [jvm.dll+0xb8c2f]
V  [jvm.dll+0xb8fa5]
V  [jvm.dll+0x2c794f]
V  [jvm.dll+0x5a05b0]
V  [jvm.dll+0x238398]
V  [jvm.dll+0x2319c5]
V  [jvm.dll+0x22eeeb]
V  [jvm.dll+0x1b9cfc]
V  [jvm.dll+0x23e8ca]
V  [jvm.dll+0x23cbb5]
V  [jvm.dll+0x7a5fb1]
V  [jvm.dll+0x7a03ea]
V  [jvm.dll+0x697725]
C  [ucrtbase.dll+0x26c0c]
C  [KERNEL32.DLL+0x154e0]
C  [ntdll.dll+0x485b]


---------------  P R O C E S S  ---------------

Threads class SMR info:
_java_thread_list=0x000001afe58272c0, length=16, elements={
0x000001afc64e6600, 0x000001afe1205680, 0x000001afe12062e0, 0x000001afe121f1b0,
0x000001afe121fa60, 0x000001afe1220400, 0x000001afe1220da0, 0x000001afe1221a70,
0x000001afe1223370, 0x000001afe128b330, 0x000001afe5510870, 0x000001afe55e4d90,
0x000001afe56a5bd0, 0x000001afe56a6090, 0x000001afe57ad060, 0x000001afe5849960
}

Java Threads: ( => current thread )
  0x000001afc64e6600 JavaThread "main" [_thread_blocked, id=1580, stack(0x0000008cd9700000,0x0000008cd9800000)]
  0x000001afe1205680 JavaThread "Reference Handler" daemon [_thread_blocked, id=9692, stack(0x0000008cd9e00000,0x0000008cd9f00000)]
  0x000001afe12062e0 JavaThread "Finalizer" daemon [_thread_blocked, id=4700, stack(0x0000008cd9f00000,0x0000008cda000000)]
  0x000001afe121f1b0 JavaThread "Signal Dispatcher" daemon [_thread_blocked, id=12776, stack(0x0000008cda000000,0x0000008cda100000)]
  0x000001afe121fa60 JavaThread "Attach Listener" daemon [_thread_blocked, id=9924, stack(0x0000008cda100000,0x0000008cda200000)]
  0x000001afe1220400 JavaThread "Service Thread" daemon [_thread_blocked, id=2228, stack(0x0000008cda200000,0x0000008cda300000)]
  0x000001afe1220da0 JavaThread "Monitor Deflation Thread" daemon [_thread_blocked, id=11680, stack(0x0000008cda300000,0x0000008cda400000)]
=>0x000001afe1221a70 JavaThread "C2 CompilerThread0" daemon [_thread_in_native, id=1076, stack(0x0000008cda400000,0x0000008cda500000)]
  0x000001afe1223370 JavaThread "C1 CompilerThread0" daemon [_thread_blocked, id=14888, stack(0x0000008cda500000,0x0000008cda600000)]
  0x000001afe128b330 JavaThread "Sweeper thread" daemon [_thread_blocked, id=9656, stack(0x0000008cda600000,0x0000008cda700000)]
  0x000001afe5510870 JavaThread "Common-Cleaner" daemon [_thread_blocked, id=11128, stack(0x0000008cda700000,0x0000008cda800000)]
  0x000001afe55e4d90 JavaThread "Notification Thread" daemon [_thread_blocked, id=12728, stack(0x0000008cda800000,0x0000008cda900000)]
  0x000001afe56a5bd0 JavaThread "Java2D Disposer" daemon [_thread_blocked, id=15336, stack(0x0000008cdaa00000,0x0000008cdab00000)]
  0x000001afe56a6090 JavaThread "AWT-Shutdown" [_thread_blocked, id=11108, stack(0x0000008cdab00000,0x0000008cdac00000)]
  0x000001afe57ad060 JavaThread "AWT-Windows" daemon [_thread_in_native, id=12236, stack(0x0000008cdac00000,0x0000008cdad00000)]
  0x000001afe5849960 JavaThread "mysql-cj-abandoned-connection-cleanup" daemon [_thread_blocked, id=7208, stack(0x0000008cdad00000,0x0000008cdae00000)]

Other Threads:
  0x000001afe1202610 VMThread "VM Thread" [stack: 0x0000008cd9d00000,0x0000008cd9e00000] [id=14284]
  0x000001afe559f520 WatcherThread "VM Periodic Task Thread" [stack: 0x0000008cda900000,0x0000008cdaa00000] [id=14892]
  0x000001afc6524fa0 WorkerThread "GC Thread#0" [stack: 0x0000008cd9800000,0x0000008cd9900000] [id=10436]
  0x000001afe5856990 WorkerThread "GC Thread#1" [stack: 0x0000000000000000,0x0000000000000000] [id=11552]
  0x000001afc652d990 ConcurrentGCThread "G1 Main Marker" [stack: 0x0000008cd9900000,0x0000008cd9a00000] [id=8324]
  0x000001afc652f390 WorkerThread "G1 Conc#0" [stack: 0x0000008cd9a00000,0x0000008cd9b00000] [id=9200]
  0x000001afc654e3d0 ConcurrentGCThread "G1 Refine#0" [stack: 0x0000008cd9b00000,0x0000008cd9c00000] [id=10608]
  0x000001afc654ece0 ConcurrentGCThread "G1 Service" [stack: 0x0000008cd9c00000,0x0000008cd9d00000] [id=12248]

Threads with active compile tasks:
C2 CompilerThread0     1764  628       4       java.util.Properties::loadConvert (540 bytes)

VM state: at safepoint (normal execution)

VM Mutex/Monitor currently owned by a thread:  ([mutex/lock_event])
[0x000001afc64e4340] Threads_lock - owner thread: 0x000001afe1202610
[0x000001afc64e59c0] Heap_lock - owner thread: 0x000001afc64e6600

Heap address: 0x00000000c2a00000, size: 982 MB, Compressed Oops mode: 32-bit

CDS archive(s) mapped at: [0x0000000800000000-0x0000000800ba0000-0x0000000800ba0000), size 12189696, SharedBaseAddress: 0x0000000800000000, ArchiveRelocationMode: 0.
Compressed class space mapped at: 0x0000000800c00000-0x0000000840c00000, reserved size: 1073741824
Narrow klass base: 0x0000000800000000, Narrow klass shift: 0, Narrow klass range: 0x100000000

GC Precious Log:
 CardTable entry size: 512
 Card Set container configuration: InlinePtr #cards 5 size 8 Array Of Cards #cards 12 size 40 Howl #buckets 4 coarsen threshold 1843 Howl Bitmap #cards 512 size 80 coarsen threshold 460 Card regions per heap region 1 cards per card region 2048
 CPUs: 2 total, 2 available
 Memory: 3922M
 Large Page Support: Disabled
 NUMA Support: Disabled
 Compressed Oops: Enabled (32-bit)
 Heap Region Size: 1M
 Heap Min Capacity: 8M
 Heap Initial Capacity: 62M
 Heap Max Capacity: 982M
 Pre-touch: Disabled
 Parallel Workers: 2
 Concurrent Workers: 1
 Concurrent Refinement Workers: 2
 Periodic GC: Disabled

Heap:
 garbage-first heap   total 63488K, used 6120K [0x00000000c2a00000, 0x0000000100000000)
  region size 1024K, 7 young (7168K), 1 survivors (1024K)
 Metaspace       used 5141K, committed 5376K, reserved 1114112K
  class space    used 537K, committed 640K, reserved 1048576K

Heap Regions: E=young(eden), S=young(survivor), O=old, HS=humongous(starts), HC=humongous(continues), CS=collection set, F=free, OA=open archive, CA=closed archive, TAMS=top-at-mark-start (previous, next)
|   0|0x00000000c2a00000, 0x00000000c2aed570, 0x00000000c2b00000| 92%| O|  |TAMS 0x00000000c2a00000, 0x00000000c2a00000| Untracked 
|   1|0x00000000c2b00000, 0x00000000c2b00000, 0x00000000c2c00000|  0%| F|  |TAMS 0x00000000c2b00000, 0x00000000c2b00000| Untracked 
|   2|0x00000000c2c00000, 0x00000000c2c00000, 0x00000000c2d00000|  0%| F|  |TAMS 0x00000000c2c00000, 0x00000000c2c00000| Untracked 
|   3|0x00000000c2d00000, 0x00000000c2d00000, 0x00000000c2e00000|  0%| F|  |TAMS 0x00000000c2d00000, 0x00000000c2d00000| Untracked 
|   4|0x00000000c2e00000, 0x00000000c2e00000, 0x00000000c2f00000|  0%| F|  |TAMS 0x00000000c2e00000, 0x00000000c2e00000| Untracked 
|   5|0x00000000c2f00000, 0x00000000c2f00000, 0x00000000c3000000|  0%| F|  |TAMS 0x00000000c2f00000, 0x00000000c2f00000| Untracked 
|   6|0x00000000c3000000, 0x00000000c3000000, 0x00000000c3100000|  0%| F|  |TAMS 0x00000000c3000000, 0x00000000c3000000| Untracked 
|   7|0x00000000c3100000, 0x00000000c3100000, 0x00000000c3200000|  0%| F|  |TAMS 0x00000000c3100000, 0x00000000c3100000| Untracked 
|   8|0x00000000c3200000, 0x00000000c3200000, 0x00000000c3300000|  0%| F|  |TAMS 0x00000000c3200000, 0x00000000c3200000| Untracked 
|   9|0x00000000c3300000, 0x00000000c3300000, 0x00000000c3400000|  0%| F|  |TAMS 0x00000000c3300000, 0x00000000c3300000| Untracked 
|  10|0x00000000c3400000, 0x00000000c3400000, 0x00000000c3500000|  0%| F|  |TAMS 0x00000000c3400000, 0x00000000c3400000| Untracked 
|  11|0x00000000c3500000, 0x00000000c3500000, 0x00000000c3600000|  0%| F|  |TAMS 0x00000000c3500000, 0x00000000c3500000| Untracked 
|  12|0x00000000c3600000, 0x00000000c3600000, 0x00000000c3700000|  0%| F|  |TAMS 0x00000000c3600000, 0x00000000c3600000| Untracked 
|  13|0x00000000c3700000, 0x00000000c3700000, 0x00000000c3800000|  0%| F|  |TAMS 0x00000000c3700000, 0x00000000c3700000| Untracked 
|  14|0x00000000c3800000, 0x00000000c3800000, 0x00000000c3900000|  0%| F|  |TAMS 0x00000000c3800000, 0x00000000c3800000| Untracked 
|  15|0x00000000c3900000, 0x00000000c3900000, 0x00000000c3a00000|  0%| F|  |TAMS 0x00000000c3900000, 0x00000000c3900000| Untracked 
|  16|0x00000000c3a00000, 0x00000000c3a00000, 0x00000000c3b00000|  0%| F|  |TAMS 0x00000000c3a00000, 0x00000000c3a00000| Untracked 
|  17|0x00000000c3b00000, 0x00000000c3b00000, 0x00000000c3c00000|  0%| F|  |TAMS 0x00000000c3b00000, 0x00000000c3b00000| Untracked 
|  18|0x00000000c3c00000, 0x00000000c3c00000, 0x00000000c3d00000|  0%| F|  |TAMS 0x00000000c3c00000, 0x00000000c3c00000| Untracked 
|  19|0x00000000c3d00000, 0x00000000c3d00000, 0x00000000c3e00000|  0%| F|  |TAMS 0x00000000c3d00000, 0x00000000c3d00000| Untracked 
|  20|0x00000000c3e00000, 0x00000000c3e00000, 0x00000000c3f00000|  0%| F|  |TAMS 0x00000000c3e00000, 0x00000000c3e00000| Untracked 
|  21|0x00000000c3f00000, 0x00000000c3f00000, 0x00000000c4000000|  0%| F|  |TAMS 0x00000000c3f00000, 0x00000000c3f00000| Untracked 
|  22|0x00000000c4000000, 0x00000000c4000000, 0x00000000c4100000|  0%| F|  |TAMS 0x00000000c4000000, 0x00000000c4000000| Untracked 
|  23|0x00000000c4100000, 0x00000000c4100000, 0x00000000c4200000|  0%| F|  |TAMS 0x00000000c4100000, 0x00000000c4100000| Untracked 
|  24|0x00000000c4200000, 0x00000000c4200000, 0x00000000c4300000|  0%| F|  |TAMS 0x00000000c4200000, 0x00000000c4200000| Untracked 
|  25|0x00000000c4300000, 0x00000000c4300000, 0x00000000c4400000|  0%| F|  |TAMS 0x00000000c4300000, 0x00000000c4300000| Untracked 
|  26|0x00000000c4400000, 0x00000000c4400000, 0x00000000c4500000|  0%| F|  |TAMS 0x00000000c4400000, 0x00000000c4400000| Untracked 
|  27|0x00000000c4500000, 0x00000000c4500000, 0x00000000c4600000|  0%| F|  |TAMS 0x00000000c4500000, 0x00000000c4500000| Untracked 
|  28|0x00000000c4600000, 0x00000000c4600000, 0x00000000c4700000|  0%| F|  |TAMS 0x00000000c4600000, 0x00000000c4600000| Untracked 
|  29|0x00000000c4700000, 0x00000000c4700000, 0x00000000c4800000|  0%| F|  |TAMS 0x00000000c4700000, 0x00000000c4700000| Untracked 
|  30|0x00000000c4800000, 0x00000000c4800000, 0x00000000c4900000|  0%| F|  |TAMS 0x00000000c4800000, 0x00000000c4800000| Untracked 
|  31|0x00000000c4900000, 0x00000000c4900000, 0x00000000c4a00000|  0%| F|  |TAMS 0x00000000c4900000, 0x00000000c4900000| Untracked 
|  32|0x00000000c4a00000, 0x00000000c4a00000, 0x00000000c4b00000|  0%| F|  |TAMS 0x00000000c4a00000, 0x00000000c4a00000| Untracked 
|  33|0x00000000c4b00000, 0x00000000c4b00000, 0x00000000c4c00000|  0%| F|  |TAMS 0x00000000c4b00000, 0x00000000c4b00000| Untracked 
|  34|0x00000000c4c00000, 0x00000000c4c00000, 0x00000000c4d00000|  0%| F|  |TAMS 0x00000000c4c00000, 0x00000000c4c00000| Untracked 
|  35|0x00000000c4d00000, 0x00000000c4d00000, 0x00000000c4e00000|  0%| F|  |TAMS 0x00000000c4d00000, 0x00000000c4d00000| Untracked 
|  36|0x00000000c4e00000, 0x00000000c4e00000, 0x00000000c4f00000|  0%| F|  |TAMS 0x00000000c4e00000, 0x00000000c4e00000| Untracked 
|  37|0x00000000c4f00000, 0x00000000c4f00000, 0x00000000c5000000|  0%| F|  |TAMS 0x00000000c4f00000, 0x00000000c4f00000| Untracked 
|  38|0x00000000c5000000, 0x00000000c5000000, 0x00000000c5100000|  0%| F|  |TAMS 0x00000000c5000000, 0x00000000c5000000| Untracked 
|  39|0x00000000c5100000, 0x00000000c5100000, 0x00000000c5200000|  0%| F|  |TAMS 0x00000000c5100000, 0x00000000c5100000| Untracked 
|  40|0x00000000c5200000, 0x00000000c5200000, 0x00000000c5300000|  0%| F|  |TAMS 0x00000000c5200000, 0x00000000c5200000| Untracked 
|  41|0x00000000c5300000, 0x00000000c5300000, 0x00000000c5400000|  0%| F|  |TAMS 0x00000000c5300000, 0x00000000c5300000| Untracked 
|  42|0x00000000c5400000, 0x00000000c5400000, 0x00000000c5500000|  0%| F|  |TAMS 0x00000000c5400000, 0x00000000c5400000| Untracked 
|  43|0x00000000c5500000, 0x00000000c5500000, 0x00000000c5600000|  0%| F|  |TAMS 0x00000000c5500000, 0x00000000c5500000| Untracked 
|  44|0x00000000c5600000, 0x00000000c5600000, 0x00000000c5700000|  0%| F|  |TAMS 0x00000000c5600000, 0x00000000c5600000| Untracked 
|  45|0x00000000c5700000, 0x00000000c5700000, 0x00000000c5800000|  0%| F|  |TAMS 0x00000000c5700000, 0x00000000c5700000| Untracked 
|  46|0x00000000c5800000, 0x00000000c5800000, 0x00000000c5900000|  0%| F|  |TAMS 0x00000000c5800000, 0x00000000c5800000| Untracked 
|  47|0x00000000c5900000, 0x00000000c5900000, 0x00000000c5a00000|  0%| F|  |TAMS 0x00000000c5900000, 0x00000000c5900000| Untracked 
|  48|0x00000000c5a00000, 0x00000000c5a00000, 0x00000000c5b00000|  0%| F|  |TAMS 0x00000000c5a00000, 0x00000000c5a00000| Untracked 
|  49|0x00000000c5b00000, 0x00000000c5b00000, 0x00000000c5c00000|  0%| F|  |TAMS 0x00000000c5b00000, 0x00000000c5b00000| Untracked 
|  50|0x00000000c5c00000, 0x00000000c5c00000, 0x00000000c5d00000|  0%| F|  |TAMS 0x00000000c5c00000, 0x00000000c5c00000| Untracked 
|  51|0x00000000c5d00000, 0x00000000c5d00000, 0x00000000c5e00000|  0%| F|  |TAMS 0x00000000c5d00000, 0x00000000c5d00000| Untracked 
|  52|0x00000000c5e00000, 0x00000000c5e00000, 0x00000000c5f00000|  0%| F|  |TAMS 0x00000000c5e00000, 0x00000000c5e00000| Untracked 
|  53|0x00000000c5f00000, 0x00000000c5f00000, 0x00000000c6000000|  0%| F|  |TAMS 0x00000000c5f00000, 0x00000000c5f00000| Untracked 
|  54|0x00000000c6000000, 0x00000000c6000000, 0x00000000c6100000|  0%| F|  |TAMS 0x00000000c6000000, 0x00000000c6000000| Untracked 
|  55|0x00000000c6100000, 0x00000000c6200000, 0x00000000c6200000|100%| S|  |TAMS 0x00000000c6100000, 0x00000000c6100000| Complete 
|  56|0x00000000c6200000, 0x00000000c62fa088, 0x00000000c6300000| 97%| E|CS|TAMS 0x00000000c6200000, 0x00000000c6200000| Complete 
|  57|0x00000000c6300000, 0x00000000c6400000, 0x00000000c6400000|100%| E|CS|TAMS 0x00000000c6300000, 0x00000000c6300000| Complete 
|  58|0x00000000c6400000, 0x00000000c6500000, 0x00000000c6500000|100%| E|CS|TAMS 0x00000000c6400000, 0x00000000c6400000| Complete 
|  59|0x00000000c6500000, 0x00000000c6600000, 0x00000000c6600000|100%| E|CS|TAMS 0x00000000c6500000, 0x00000000c6500000| Complete 
|  60|0x00000000c6600000, 0x00000000c6700000, 0x00000000c6700000|100%| E|CS|TAMS 0x00000000c6600000, 0x00000000c6600000| Complete 
|  61|0x00000000c6700000, 0x00000000c6800000, 0x00000000c6800000|100%| E|CS|TAMS 0x00000000c6700000, 0x00000000c6700000| Complete 

Card table byte_map: [0x000001afc62a0000,0x000001afc6490000] _byte_map_base: 0x000001afc5c8b000

Marking Bits (Prev, Next): (CMBitMap*) 0x000001afc65255a0, (CMBitMap*) 0x000001afc65255e0
 Prev Bits: [0x000001afdd010000, 0x000001afddf68000)
 Next Bits: [0x000001afddf70000, 0x000001afdeec8000)

Polling page: 0x000001afc43d0000

Metaspace:

Usage:
  Non-class:      4.50 MB used.
      Class:    537.48 KB used.
       Both:      5.02 MB used.

Virtual space:
  Non-class space:       64.00 MB reserved,       4.62 MB (  7%) committed,  1 nodes.
      Class space:        1.00 GB reserved,     640.00 KB ( <1%) committed,  1 nodes.
             Both:        1.06 GB reserved,       5.25 MB ( <1%) committed. 

Chunk freelists:
   Non-Class:  2.62 MB
       Class:  3.21 MB
        Both:  5.83 MB

MaxMetaspaceSize: unlimited
CompressedClassSpaceSize: 1.00 GB
Initial GC threshold: 21.00 MB
Current GC threshold: 21.00 MB
CDS: on
MetaspaceReclaimPolicy: balanced
 - commit_granule_bytes: 65536.
 - commit_granule_words: 8192.
 - virtual_space_node_default_size: 8388608.
 - enlarge_chunks_in_place: 1.
 - new_chunks_are_fully_committed: 0.
 - uncommit_free_chunks: 1.
 - use_allocation_guard: 0.


Internal statistics:

num_allocs_failed_limit: 0.
num_arena_births: 120.
num_arena_deaths: 0.
num_vsnodes_births: 2.
num_vsnodes_deaths: 0.
num_space_committed: 84.
num_space_uncommitted: 0.
num_chunks_returned_to_freelist: 0.
num_chunks_taken_from_freelist: 175.
num_chunk_merges: 0.
num_chunk_splits: 99.
num_chunks_enlarged: 40.
num_inconsistent_stats: 0.

CodeHeap 'non-profiled nmethods': size=120064Kb used=180Kb max_used=180Kb free=119883Kb
 bounds [0x000001afd58e0000, 0x000001afd5b50000, 0x000001afdce20000]
CodeHeap 'profiled nmethods': size=120000Kb used=970Kb max_used=970Kb free=119029Kb
 bounds [0x000001afce3b0000, 0x000001afce620000, 0x000001afd58e0000]
CodeHeap 'non-nmethods': size=5696Kb used=1216Kb max_used=1216Kb free=4479Kb
 bounds [0x000001afcde20000, 0x000001afce090000, 0x000001afce3b0000]
 total_blobs=1173 nmethods=655 adapters=432
 compilation: enabled
              stopped_count=0, restarted_count=0
 full_count=0

Compilation events (20 events):
Event: 1.558 Thread 0x000001afe1223370  625  s    3       java.util.Properties::put (10 bytes)
Event: 1.559 Thread 0x000001afe1223370 nmethod 625 0x000001afce493510 code [0x000001afce4936c0, 0x000001afce493928]
Event: 1.564 Thread 0x000001afe1221a70  626       4       jdk.internal.misc.Unsafe::putReferenceRelease (9 bytes)
Event: 1.566 Thread 0x000001afe1221a70 nmethod 626 0x000001afd590c490 code [0x000001afd590c600, 0x000001afd590c738]
Event: 1.568 Thread 0x000001afe1223370  627       3       java.lang.StringCoding::hasNegatives (25 bytes)
Event: 1.569 Thread 0x000001afe1223370 nmethod 627 0x000001afce493a10 code [0x000001afce493bc0, 0x000001afce493df8]
Event: 1.569 Thread 0x000001afe1221a70  628       4       java.util.Properties::loadConvert (540 bytes)
Event: 1.579 Thread 0x000001afe1223370  631 %     3       java.lang.StringLatin1::inflate @ 3 (34 bytes)
Event: 1.579 Thread 0x000001afe1223370 nmethod 631% 0x000001afce493f10 code [0x000001afce4940c0, 0x000001afce494378]
Event: 1.579 Thread 0x000001afe1223370  632       3       java.lang.StringLatin1::inflate (34 bytes)
Event: 1.580 Thread 0x000001afe1223370 nmethod 632 0x000001afce494510 code [0x000001afce4946c0, 0x000001afce4948d8]
Event: 1.585 Thread 0x000001afe1223370  634       3       java.util.concurrent.ConcurrentHashMap$Node::<init> (14 bytes)
Event: 1.586 Thread 0x000001afe1223370 nmethod 634 0x000001afce494a90 code [0x000001afce494c40, 0x000001afce494f38]
Event: 1.591 Thread 0x000001afe1223370  636       1       java.util.concurrent.ConcurrentHashMap$MapEntry::getKey (5 bytes)
Event: 1.592 Thread 0x000001afe1223370 nmethod 636 0x000001afd590c790 code [0x000001afd590c920, 0x000001afd590c9f8]
Event: 1.592 Thread 0x000001afe1223370  637       1       java.util.concurrent.ConcurrentHashMap$MapEntry::getValue (5 bytes)
Event: 1.592 Thread 0x000001afe1223370 nmethod 637 0x000001afd590ca90 code [0x000001afd590cc20, 0x000001afd590ccf8]
Event: 1.592 Thread 0x000001afe1223370  638       3       java.util.concurrent.ConcurrentHashMap$EntryIterator::next (5 bytes)
Event: 1.592 Thread 0x000001afe1223370 nmethod 638 0x000001afce495010 code [0x000001afce4951a0, 0x000001afce4952e8]
Event: 1.592 Thread 0x000001afe1223370  639       3       java.util.concurrent.ConcurrentHashMap$EntryIterator::next (51 bytes)

GC Heap History (0 events):
No events

Deoptimization events (10 events):
Event: 0.744 Thread 0x000001afc64e6600 Uncommon trap: trap_request=0xfffffff4 fr.pc=0x000001afd58eee30 relative=0x0000000000000190
Event: 0.744 Thread 0x000001afc64e6600 Uncommon trap: reason=null_check action=make_not_entrant pc=0x000001afd58eee30 method=java.lang.String.equals(Ljava/lang/Object;)Z @ 8 c2
Event: 0.744 Thread 0x000001afc64e6600 DEOPT PACKING pc=0x000001afd58eee30 sp=0x0000008cd97fd330
Event: 0.744 Thread 0x000001afc64e6600 DEOPT UNPACKING pc=0x000001afcde7239d sp=0x0000008cd97fd2d8 mode 2
Event: 1.057 Thread 0x000001afc64e6600 Uncommon trap: trap_request=0xffffff45 fr.pc=0x000001afd58ee28c relative=0x000000000000096c
Event: 1.057 Thread 0x000001afc64e6600 Uncommon trap: reason=unstable_if action=reinterpret pc=0x000001afd58ee28c method=java.util.HashMap.putVal(ILjava/lang/Object;Ljava/lang/Object;ZZ)Ljava/lang/Object; @ 236 c2
Event: 1.057 Thread 0x000001afc64e6600 DEOPT PACKING pc=0x000001afd58ee28c sp=0x0000008cd97fde50
Event: 1.057 Thread 0x000001afc64e6600 DEOPT UNPACKING pc=0x000001afcde7239d sp=0x0000008cd97fde08 mode 2
Event: 1.451 Thread 0x000001afc64e6600 DEOPT PACKING pc=0x000001afce3c1a67 sp=0x0000008cd97fdac0
Event: 1.451 Thread 0x000001afc64e6600 DEOPT UNPACKING pc=0x000001afcde72b24 sp=0x0000008cd97fcee0 mode 0

Classes loaded (20 events):
Event: 1.530 Loading class java/util/stream/Nodes$EmptyNode$OfDouble
Event: 1.530 Loading class java/util/stream/Node$OfDouble
Event: 1.530 Loading class java/util/stream/Node$OfDouble done
Event: 1.530 Loading class java/util/stream/Nodes$EmptyNode$OfDouble done
Event: 1.530 Loading class java/util/stream/Nodes$SpinedNodeBuilder
Event: 1.530 Loading class java/util/stream/Node$Builder
Event: 1.530 Loading class java/util/stream/Node$Builder done
Event: 1.531 Loading class java/util/stream/SpinedBuffer
Event: 1.531 Loading class java/util/stream/AbstractSpinedBuffer
Event: 1.531 Loading class java/util/stream/AbstractSpinedBuffer done
Event: 1.531 Loading class java/util/stream/SpinedBuffer done
Event: 1.531 Loading class java/util/stream/Nodes$SpinedNodeBuilder done
Event: 1.534 Loading class java/util/ResourceBundle$Control$2
Event: 1.535 Loading class java/util/ResourceBundle$Control$2 done
Event: 1.540 Loading class java/util/PropertyResourceBundle
Event: 1.541 Loading class java/util/PropertyResourceBundle done
Event: 1.541 Loading class sun/util/PropertyResourceBundleCharset
Event: 1.541 Loading class sun/util/PropertyResourceBundleCharset done
Event: 1.541 Loading class sun/util/PropertyResourceBundleCharset$PropertiesFileDecoder
Event: 1.541 Loading class sun/util/PropertyResourceBundleCharset$PropertiesFileDecoder done

Classes unloaded (0 events):
No events

Classes redefined (0 events):
No events

Internal exceptions (16 events):
Event: 0.580 Thread 0x000001afc64e6600 Exception <a 'sun/nio/fs/WindowsException'{0x00000000c67fcb08}> (0x00000000c67fcb08) 
thrown [s\open\src\hotspot\share\prims\jni.cpp, line 516]
Event: 0.581 Thread 0x000001afc64e6600 Exception <a 'sun/nio/fs/WindowsException'{0x00000000c67fd000}> (0x00000000c67fd000) 
thrown [s\open\src\hotspot\share\prims\jni.cpp, line 516]
Event: 0.587 Thread 0x000001afc64e6600 Exception <a 'sun/nio/fs/WindowsException'{0x00000000c67ff178}> (0x00000000c67ff178) 
thrown [s\open\src\hotspot\share\prims\jni.cpp, line 516]
Event: 0.588 Thread 0x000001afc64e6600 Exception <a 'sun/nio/fs/WindowsException'{0x00000000c67ffb88}> (0x00000000c67ffb88) 
thrown [s\open\src\hotspot\share\prims\jni.cpp, line 516]
Event: 0.729 Thread 0x000001afc64e6600 Exception <a 'java/lang/ClassNotFoundException'{0x00000000c66c3ee8}: sun/awt/resources/spi/awtProvider> (0x00000000c66c3ee8) 
thrown [s\open\src\hotspot\share\classfile\systemDictionary.cpp, line 255]
Event: 0.744 Thread 0x000001afc64e6600 Implicit null exception at 0x000001afd58eecd5 to 0x000001afd58eee20
Event: 0.808 Thread 0x000001afc64e6600 Exception <a 'java/io/FileNotFoundException'{0x00000000c65183b8}> (0x00000000c65183b8) 
thrown [s\open\src\hotspot\share\prims\jni.cpp, line 516]
Event: 0.837 Thread 0x000001afc64e6600 Exception <a 'java/io/FileNotFoundException'{0x00000000c6545860}> (0x00000000c6545860) 
thrown [s\open\src\hotspot\share\prims\jni.cpp, line 516]
Event: 0.958 Thread 0x000001afc64e6600 Exception <a 'java/lang/NoSuchMethodError'{0x00000000c658a0f8}: 'java.lang.Object java.lang.invoke.DirectMethodHandle$Holder.invokeStaticInit(java.lang.Object)'> (0x00000000c658a0f8) 
thrown [s\open\src\hotspot\share\interpreter\linkResolver.cpp, line 766]
Event: 1.069 Thread 0x000001afc64e6600 Exception <a 'java/lang/NoSuchMethodError'{0x00000000c65f26e0}: 'void java.lang.invoke.DirectMethodHandle$Holder.invokeSpecial(java.lang.Object, java.lang.Object, java.lang.Object)'> (0x00000000c65f26e0) 
thrown [s\open\src\hotspot\share\interpreter\linkResolver.cpp, line 766]
Event: 1.100 Thread 0x000001afc64e6600 Exception <a 'java/lang/NoSuchMethodError'{0x00000000c641de18}: 'java.lang.Object java.lang.invoke.DirectMethodHandle$Holder.newInvokeSpecial(java.lang.Object, java.lang.Object, java.lang.Object, java.lang.Object, java.lang.Object)'> (0x00000000c641de18) 
thrown [s\open\src\hotspot\share\interpreter\linkResolver.cpp, line 766]
Event: 1.128 Thread 0x000001afc64e6600 Exception <a 'java/lang/NoSuchMethodError'{0x00000000c644feb0}: 'java.lang.Object java.lang.invoke.DirectMethodHandle$Holder.invokeStatic(java.lang.Object, int, java.lang.Object)'> (0x00000000c644feb0) 
thrown [s\open\src\hotspot\share\interpreter\linkResolver.cpp, line 766]
Event: 1.274 Thread 0x000001afc64e6600 Exception <a 'java/lang/ClassNotFoundException'{0x00000000c630df38}: com/sun/swing/internal/plaf/metal/resources/spi/metalProvider> (0x00000000c630df38) 
thrown [s\open\src\hotspot\share\classfile\systemDictionary.cpp, line 255]
Event: 1.277 Thread 0x000001afc64e6600 Exception <a 'java/lang/ClassNotFoundException'{0x00000000c6311fc0}: com/sun/swing/internal/plaf/basic/resources/spi/basicProvider> (0x00000000c6311fc0) 
thrown [s\open\src\hotspot\share\classfile\systemDictionary.cpp, line 255]
Event: 1.333 Thread 0x000001afc64e6600 Exception <a 'java/lang/NoSuchMethodError'{0x00000000c63327f0}: 'int java.lang.invoke.Invokers$Holder.invokeExact_MT(java.lang.Object, java.lang.Object)'> (0x00000000c63327f0) 
thrown [s\open\src\hotspot\share\interpreter\linkResolver.cpp, line 766]
Event: 1.523 Thread 0x000001afc64e6600 Exception <a 'java/lang/NoSuchMethodError'{0x00000000c62379f0}: 'java.lang.Object java.lang.invoke.DirectMethodHandle$Holder.invokeInterface(java.lang.Object, java.lang.Object)'> (0x00000000c62379f0) 
thrown [s\open\src\hotspot\share\interpreter\linkResolver.cpp, line 766]

VM Operations (8 events):
Event: 0.591 Executing VM operation: HandshakeAllThreads
Event: 0.591 Executing VM operation: HandshakeAllThreads done
Event: 1.379 Executing VM operation: HandshakeAllThreads
Event: 1.379 Executing VM operation: HandshakeAllThreads done
Event: 1.379 Executing VM operation: Cleanup
Event: 1.379 Executing VM operation: Cleanup done
Event: 1.455 Executing VM operation: HandshakeAllThreads
Event: 1.456 Executing VM operation: HandshakeAllThreads done

Events (20 events):
Event: 0.290 Thread 0x000001afe1205680 Thread added: 0x000001afe1205680
Event: 0.291 Thread 0x000001afe12062e0 Thread added: 0x000001afe12062e0
Event: 0.391 Thread 0x000001afe121f1b0 Thread added: 0x000001afe121f1b0
Event: 0.392 Thread 0x000001afe121fa60 Thread added: 0x000001afe121fa60
Event: 0.392 Thread 0x000001afe1220400 Thread added: 0x000001afe1220400
Event: 0.392 Thread 0x000001afe1220da0 Thread added: 0x000001afe1220da0
Event: 0.393 Thread 0x000001afe1221a70 Thread added: 0x000001afe1221a70
Event: 0.394 Thread 0x000001afe1223370 Thread added: 0x000001afe1223370
Event: 0.413 Thread 0x000001afe128b330 Thread added: 0x000001afe128b330
Event: 0.497 Thread 0x000001afe5510870 Thread added: 0x000001afe5510870
Event: 0.568 Loaded shared library C:\Program Files\Java\jdk-18.0.1.1\bin\net.dll
Event: 0.576 Loaded shared library C:\Program Files\Java\jdk-18.0.1.1\bin\nio.dll
Event: 0.645 Thread 0x000001afe55e4d90 Thread added: 0x000001afe55e4d90
Event: 0.672 Loaded shared library C:\Program Files\Java\jdk-18.0.1.1\bin\zip.dll
Event: 0.710 Loaded shared library C:\Program Files\Java\jdk-18.0.1.1\bin\jimage.dll
Event: 0.760 Loaded shared library C:\Program Files\Java\jdk-18.0.1.1\bin\awt.dll
Event: 0.966 Thread 0x000001afe56a5bd0 Thread added: 0x000001afe56a5bd0
Event: 0.969 Thread 0x000001afe56a6090 Thread added: 0x000001afe56a6090
Event: 0.974 Thread 0x000001afe57ad060 Thread added: 0x000001afe57ad060
Event: 1.383 Thread 0x000001afe5849960 Thread added: 0x000001afe5849960


Dynamic libraries:
0x00007ff6a8460000 - 0x00007ff6a8470000 	C:\Program Files\Java\jdk-18.0.1.1\bin\java.exe
0x00007ff95de00000 - 0x00007ff95e007000 	C:\Windows\SYSTEM32\ntdll.dll
0x00007ff9536b0000 - 0x00007ff9536c6000 	C:\Program Files\Avast Software\Avast\aswhook.dll
0x00007ff95c480000 - 0x00007ff95c53d000 	C:\Windows\System32\KERNEL32.DLL
0x00007ff95b320000 - 0x00007ff95b692000 	C:\Windows\System32\KERNELBASE.dll
0x00007ff95b800000 - 0x00007ff95b911000 	C:\Windows\System32\ucrtbase.dll
0x00007ff953b60000 - 0x00007ff953b78000 	C:\Program Files\Java\jdk-18.0.1.1\bin\jli.dll
0x00007ff95c560000 - 0x00007ff95c60c000 	C:\Windows\System32\ADVAPI32.dll
0x00007ff95c8f0000 - 0x00007ff95c993000 	C:\Windows\System32\msvcrt.dll
0x00007ff95be70000 - 0x00007ff95bf0d000 	C:\Windows\System32\sechost.dll
0x00007ff95cc80000 - 0x00007ff95cda1000 	C:\Windows\System32\RPCRT4.dll
0x00007ff95dc10000 - 0x00007ff95ddbc000 	C:\Windows\System32\USER32.dll
0x00007ff95b920000 - 0x00007ff95b946000 	C:\Windows\System32\win32u.dll
0x00007ff95c9a0000 - 0x00007ff95c9c9000 	C:\Windows\System32\GDI32.dll
0x00007ff95bbb0000 - 0x00007ff95bcc2000 	C:\Windows\System32\gdi32full.dll
0x00007ff95b6a0000 - 0x00007ff95b73d000 	C:\Windows\System32\msvcp_win.dll
0x00007ff957ae0000 - 0x00007ff957afa000 	C:\Program Files\Java\jdk-18.0.1.1\bin\VCRUNTIME140.dll
0x00007ff949100000 - 0x00007ff9493a5000 	C:\Windows\WinSxS\amd64_microsoft.windows.common-controls_6595b64144ccf1df_6.0.21996.1_none_7d6b053978bcd706\COMCTL32.dll
0x00007ff9523d0000 - 0x00007ff9523da000 	C:\Windows\SYSTEM32\VERSION.dll
0x00007ff95c290000 - 0x00007ff95c2c1000 	C:\Windows\System32\IMM32.DLL
0x00007ff957bb0000 - 0x00007ff957bbc000 	C:\Program Files\Java\jdk-18.0.1.1\bin\vcruntime140_1.dll
0x00007ff9514e0000 - 0x00007ff95156d000 	C:\Program Files\Java\jdk-18.0.1.1\bin\msvcp140.dll
0x00007ff92baf0000 - 0x00007ff92c700000 	C:\Program Files\Java\jdk-18.0.1.1\bin\server\jvm.dll
0x00007ff95be60000 - 0x00007ff95be68000 	C:\Windows\System32\PSAPI.DLL
0x00007ff959250000 - 0x00007ff959259000 	C:\Windows\SYSTEM32\WSOCK32.dll
0x00007ff95cdb0000 - 0x00007ff95ce1f000 	C:\Windows\System32\WS2_32.dll
0x00007ff9535a0000 - 0x00007ff9535d3000 	C:\Windows\SYSTEM32\WINMM.dll
0x00007ff95a450000 - 0x00007ff95a467000 	C:\Windows\SYSTEM32\kernel.appcore.dll
0x00007ff957a90000 - 0x00007ff957a9a000 	C:\Program Files\Java\jdk-18.0.1.1\bin\jimage.dll
0x00007ff958ea0000 - 0x00007ff9590c1000 	C:\Windows\SYSTEM32\DBGHELP.DLL
0x00007ff952340000 - 0x00007ff952371000 	C:\Windows\SYSTEM32\dbgcore.DLL
0x00007ff95bb30000 - 0x00007ff95bbb0000 	C:\Windows\System32\bcryptPrimitives.dll
0x00007ff951600000 - 0x00007ff951625000 	C:\Program Files\Java\jdk-18.0.1.1\bin\java.dll
0x00007ff950cf0000 - 0x00007ff950dc6000 	C:\Program Files\Java\jdk-18.0.1.1\bin\jsvml.dll
0x00007ff95cfa0000 - 0x00007ff95d709000 	C:\Windows\System32\SHELL32.dll
0x00007ff9594e0000 - 0x00007ff959d38000 	C:\Windows\SYSTEM32\windows.storage.dll
0x00007ff95bf10000 - 0x00007ff95c285000 	C:\Windows\System32\combase.dll
0x00007ff959370000 - 0x00007ff9594d6000 	C:\Windows\SYSTEM32\wintypes.dll
0x00007ff95ceb0000 - 0x00007ff95cf9a000 	C:\Windows\System32\SHCORE.dll
0x00007ff95be00000 - 0x00007ff95be5d000 	C:\Windows\System32\shlwapi.dll
0x00007ff95b250000 - 0x00007ff95b271000 	C:\Windows\SYSTEM32\profapi.dll
0x00007ff953740000 - 0x00007ff953753000 	C:\Program Files\Java\jdk-18.0.1.1\bin\net.dll
0x00007ff953ce0000 - 0x00007ff953dec000 	C:\Windows\SYSTEM32\WINHTTP.dll
0x00007ff95a8d0000 - 0x00007ff95a937000 	C:\Windows\system32\mswsock.dll
0x00007ff9515e0000 - 0x00007ff9515f6000 	C:\Program Files\Java\jdk-18.0.1.1\bin\nio.dll
0x00007ff951570000 - 0x00007ff951588000 	C:\Program Files\Java\jdk-18.0.1.1\bin\zip.dll
0x00007ff950b60000 - 0x00007ff950cef000 	C:\Program Files\Java\jdk-18.0.1.1\bin\awt.dll
0x00007ff95c3a0000 - 0x00007ff95c476000 	C:\Windows\System32\OLEAUT32.dll
0x00007ff957d80000 - 0x00007ff957e12000 	C:\Windows\SYSTEM32\apphelp.dll
0x00007ff9586a0000 - 0x00007ff9586d0000 	C:\Windows\system32\DWMAPI.DLL
0x00007ff957e70000 - 0x00007ff957f1c000 	C:\Windows\system32\uxtheme.dll
0x00007ff950850000 - 0x00007ff950951000 	C:\Windows\system32\opengl32.dll
0x00007ff9512b0000 - 0x00007ff9512dd000 	C:\Windows\SYSTEM32\GLU32.dll
0x00007ff958300000 - 0x00007ff958338000 	C:\Windows\SYSTEM32\dxcore.dll
0x00007ff95c7b0000 - 0x00007ff95c8ce000 	C:\Windows\System32\MSCTF.dll
0x00007ff95c610000 - 0x00007ff95c7aa000 	C:\Windows\System32\ole32.dll

dbghelp: loaded successfully - version: 4.0.5 - missing functions: none
symbol engine: initialized successfully - sym options: 0x614 - pdb path: .;C:\Program Files\Java\jdk-18.0.1.1\bin;C:\Windows\SYSTEM32;C:\Program Files\Avast Software\Avast;C:\Windows\WinSxS\amd64_microsoft.windows.common-controls_6595b64144ccf1df_6.0.21996.1_none_7d6b053978bcd706;C:\Program Files\Java\jdk-18.0.1.1\bin\server

VM Arguments:
jvm_args: -Dfile.encoding=UTF-8 --module-path=D:\project tourism\Travel Management System\build\classes 
java_command: travel.management.system.BookHotel
java_class_path (initial): D:\Software Setups\mysql-connector-java-8.0.28\mysql-connector-java-8.0.28.jar;D:\project tourism\Travel Management System\build\classes
Launcher Type: SUN_STANDARD

[Global flags]
     intx CICompilerCount                          = 2                                         {product} {ergonomic}
     uint ConcGCThreads                            = 1                                         {product} {ergonomic}
     uint G1ConcRefinementThreads                  = 2                                         {product} {ergonomic}
   size_t G1HeapRegionSize                         = 1048576                                   {product} {ergonomic}
    uintx GCDrainStackTargetSize                   = 64                                        {product} {ergonomic}
   size_t InitialHeapSize                          = 65011712                                  {product} {ergonomic}
   size_t MarkStackSize                            = 4194304                                   {product} {ergonomic}
   size_t MaxHeapSize                              = 1029701632                                {product} {ergonomic}
   size_t MaxNewSize                               = 617611264                                 {product} {ergonomic}
   size_t MinHeapDeltaBytes                        = 1048576                                   {product} {ergonomic}
   size_t MinHeapSize                              = 8388608                                   {product} {ergonomic}
    uintx NonNMethodCodeHeapSize                   = 5826188                                {pd product} {ergonomic}
    uintx NonProfiledCodeHeapSize                  = 122916026                              {pd product} {ergonomic}
    uintx ProfiledCodeHeapSize                     = 122916026                              {pd product} {ergonomic}
    uintx ReservedCodeCacheSize                    = 251658240                              {pd product} {ergonomic}
     bool SegmentedCodeCache                       = true                                      {product} {ergonomic}
   size_t SoftMaxHeapSize                          = 1029701632                             {manageable} {ergonomic}
     bool UseCompressedClassPointers               = true                           {product lp64_product} {ergonomic}
     bool UseCompressedOops                        = true                           {product lp64_product} {ergonomic}
     bool UseG1GC                                  = true                                      {product} {ergonomic}
     bool UseLargePagesIndividualAllocation        = false                                  {pd product} {ergonomic}

Logging:
Log output configuration:
 #0: stdout all=warning uptime,level,tags foldmultilines=false
 #1: stderr all=off uptime,level,tags foldmultilines=false

Environment Variables:
JAVA_HOME=C:\Program Files\Java\jdk-18.0.1.1
PATH=C:\Program Files\Common Files\Oracle\Java\javapath;C:\ProgramData\Oracle\Java\javapath;C:\Windows\system32;C:\Windows;C:\Windows\System32\Wbem;C:\Windows\System32\WindowsPowerShell\v1.0\;C:\Windows\System32\OpenSSH\;C:\Program Files\Java\jdk-18.0.1.1\bin;C:\Program Files\MySQL\MySQL Shell 8.0\bin\;C:\Users\JANET\AppData\Local\Microsoft\WindowsApps;;C:\Users\JANET\AppData\Local\Programs\Microsoft VS Code\bin
USERNAME=JANET
OS=Windows_NT
PROCESSOR_IDENTIFIER=Intel64 Family 6 Model 92 Stepping 9, GenuineIntel



---------------  S Y S T E M  ---------------

OS:
 Windows 10 , 64 bit Build 21996 (10.0.21996.1)
OS uptime: 7 days 20:59 hours

CPU: total 2 (initial active 2) (2 cores per cpu, 1 threads per core) family 6 model 92 stepping 9 microcode 0x38, cx8, cmov, fxsr, mmx, 3dnowpref, sse, sse2, sse3, ssse3, sse4.1, sse4.2, popcnt, tsc, tscinvbit, aes, erms, clmul, sha, clflush, clflushopt

Memory: 4k page, system-wide physical 3922M (864M free)
TotalPageFile size 15698M (AvailPageFile size 4M)
current process WorkingSet (physical memory assigned to process): 51M, peak: 51M
current process commit charge ("private bytes"): 137M, peak: 137M

vm_info: Java HotSpot(TM) 64-Bit Server VM (18.0.1.1+2-6) for windows-amd64 JRE (18.0.1.1+2-6), built on Apr 25 2022 21:53:15 by "mach5one" with MS VC++ 16.8 / 16.9 (VS2019)

END.
