#
# There is insufficient memory for the Java Runtime Environment to continue.
# Native memory allocation (mmap) failed to map 80740352 bytes for G1 virtual space
# Possible reasons:
#   The system is out of physical RAM or swap space
#   The process is running with CompressedOops enabled, and the Java Heap may be blocking the growth of the native heap
# Possible solutions:
#   Reduce memory load on the system
#   Increase physical memory or swap space
#   Check if swap backing store is full
#   Decrease Java heap size (-Xmx/-Xms)
#   Decrease number of Java threads
#   Decrease Java thread stack sizes (-Xss)
#   Set larger code cache with -XX:ReservedCodeCacheSize=
#   JVM is running with Unscaled Compressed Oops mode in which the Java heap is
#     placed in the first 4GB address space. The Java Heap base address is the
#     maximum limit for the native heap growth. Please use -XX:HeapBaseMinAddress
#     to set the Java Heap base and to place the Java Heap above 4GB virtual address.
# This output file may be truncated or incomplete.
#
#  Out of Memory Error (os_windows.cpp:3530), pid=8248, tid=2504
#
# JRE version: Java(TM) SE Runtime Environment (18.0.1.1+2) (build 18.0.1.1+2-6)
# Java VM: Java HotSpot(TM) 64-Bit Server VM (18.0.1.1+2-6, mixed mode, sharing, tiered, compressed oops, compressed class ptrs, g1 gc, windows-amd64)
# No core dump will be written. Minidumps are not enabled by default on client versions of Windows
#

---------------  S U M M A R Y ------------

Command Line: -Dfile.encoding=UTF-8 --module-path=D:\project tourism\Travel Management System\build\classes travel.management.system.CheckHotels

Host: Intel(R) Celeron(R) CPU N3350 @ 1.10GHz, 2 cores, 3G,  Windows 10 , 64 bit Build 21996 (10.0.21996.1)
Time: Sat Jul  2 19:07:53 2022 E. Africa Standard Time elapsed time: 3.403599 seconds (0d 0h 0m 3s)

---------------  T H R E A D  ---------------

Current thread (0x000001fbb4a77150):  VMThread "VM Thread" [stack: 0x00000025fc800000,0x00000025fc900000] [id=2504]

Stack: [0x00000025fc800000,0x00000025fc900000]
Native frames: (J=compiled Java code, j=interpreted, Vv=VM code, C=native code)
V  [jvm.dll+0x69887a]
V  [jvm.dll+0x7f38bd]
V  [jvm.dll+0x7f51ce]
V  [jvm.dll+0x7f5883]
V  [jvm.dll+0x25ca3f]
V  [jvm.dll+0x6957c9]
V  [jvm.dll+0x68a2fa]
V  [jvm.dll+0x321efb]
V  [jvm.dll+0x3298d6]
V  [jvm.dll+0x37e47e]
V  [jvm.dll+0x37e6af]
V  [jvm.dll+0x2f9c7a]
V  [jvm.dll+0x2fca76]
V  [jvm.dll+0x306ee5]
V  [jvm.dll+0x33bff0]
V  [jvm.dll+0x7fa66b]
V  [jvm.dll+0x7fb404]
V  [jvm.dll+0x7fb93c]
V  [jvm.dll+0x7fbd94]
V  [jvm.dll+0x7fbe57]
V  [jvm.dll+0x7a03ea]
V  [jvm.dll+0x697725]
C  [ucrtbase.dll+0x26c0c]
C  [KERNEL32.DLL+0x154e0]
C  [ntdll.dll+0x485b]

VM_Operation (0x00000025fc4ff7a0): G1Concurrent, mode: safepoint, requested by thread 0x000001fbb4a6d980


---------------  P R O C E S S  ---------------

Threads class SMR info:
_java_thread_list=0x000001fbd3f32fa0, length=15, elements={
0x000001fbb4a265c0, 0x000001fbcf71b5e0, 0x000001fbcf71c240, 0x000001fbcf733df0,
0x000001fbcf734790, 0x000001fbcf735130, 0x000001fbcf735ad0, 0x000001fbcf7367a0,
0x000001fbcf7475d0, 0x000001fbcf7b1200, 0x000001fbd3c207e0, 0x000001fbd3ce0f60,
0x000001fbd3d97b00, 0x000001fbd3e6afe0, 0x000001fbd3ef9080
}

Java Threads: ( => current thread )
  0x000001fbb4a265c0 JavaThread "main" [_thread_blocked, id=1308, stack(0x00000025fc200000,0x00000025fc300000)]
  0x000001fbcf71b5e0 JavaThread "Reference Handler" daemon [_thread_blocked, id=12384, stack(0x00000025fc900000,0x00000025fca00000)]
  0x000001fbcf71c240 JavaThread "Finalizer" daemon [_thread_blocked, id=3088, stack(0x00000025fca00000,0x00000025fcb00000)]
  0x000001fbcf733df0 JavaThread "Signal Dispatcher" daemon [_thread_blocked, id=6268, stack(0x00000025fcb00000,0x00000025fcc00000)]
  0x000001fbcf734790 JavaThread "Attach Listener" daemon [_thread_blocked, id=8160, stack(0x00000025fcc00000,0x00000025fcd00000)]
  0x000001fbcf735130 JavaThread "Service Thread" daemon [_thread_blocked, id=8064, stack(0x00000025fcd00000,0x00000025fce00000)]
  0x000001fbcf735ad0 JavaThread "Monitor Deflation Thread" daemon [_thread_blocked, id=11572, stack(0x00000025fce00000,0x00000025fcf00000)]
  0x000001fbcf7367a0 JavaThread "C2 CompilerThread0" daemon [_thread_blocked, id=10184, stack(0x00000025fcf00000,0x00000025fd000000)]
  0x000001fbcf7475d0 JavaThread "C1 CompilerThread0" daemon [_thread_blocked, id=12100, stack(0x00000025fd000000,0x00000025fd100000)]
  0x000001fbcf7b1200 JavaThread "Sweeper thread" daemon [_thread_blocked, id=10668, stack(0x00000025fd100000,0x00000025fd200000)]
  0x000001fbd3c207e0 JavaThread "Common-Cleaner" daemon [_thread_blocked, id=10356, stack(0x00000025fd200000,0x00000025fd300000)]
  0x000001fbd3ce0f60 JavaThread "Notification Thread" daemon [_thread_blocked, id=5884, stack(0x00000025fd300000,0x00000025fd400000)]
  0x000001fbd3d97b00 JavaThread "Java2D Disposer" daemon [_thread_blocked, id=11088, stack(0x00000025fd500000,0x00000025fd600000)]
  0x000001fbd3e6afe0 JavaThread "AWT-Windows" daemon [_thread_in_native, id=11584, stack(0x00000025fd700000,0x00000025fd800000)]
  0x000001fbd3ef9080 JavaThread "Image Fetcher 0" daemon [_thread_blocked, id=7888, stack(0x00000025fd800000,0x00000025fd900000)]

Other Threads:
=>0x000001fbb4a77150 VMThread "VM Thread" [stack: 0x00000025fc800000,0x00000025fc900000] [id=2504]
  0x000001fbd3ce5840 WatcherThread "VM Periodic Task Thread" [stack: 0x00000025fd400000,0x00000025fd500000] [id=8156]
  0x000001fbb4a64f90 WorkerThread "GC Thread#0" [stack: 0x00000025fc300000,0x00000025fc400000] [id=2476]
  0x000001fbd3f51cc0 WorkerThread "GC Thread#1" [stack: 0x00000025fd900000,0x00000025fda00000] [id=5816]
  0x000001fbb4a6d980 ConcurrentGCThread "G1 Main Marker" [stack: 0x00000025fc400000,0x00000025fc500000] [id=5180]
  0x000001fbb4a713a0 WorkerThread "G1 Conc#0" [stack: 0x00000025fc500000,0x00000025fc600000] [id=2236]
  0x000001fbb4a93830 ConcurrentGCThread "G1 Refine#0" [stack: 0x00000025fc600000,0x00000025fc700000] [id=10276]
  0x000001fbd3f80080 ConcurrentGCThread "G1 Refine#1" [stack: 0x00000025fda00000,0x00000025fdb00000] [id=1312]
  0x000001fbb4a94140 ConcurrentGCThread "G1 Service" [stack: 0x00000025fc700000,0x00000025fc800000] [id=12716]

Threads with active compile tasks:

VM state: at safepoint (normal execution)

VM Mutex/Monitor currently owned by a thread:  ([mutex/lock_event])
[0x000001fbb4a257d0] Threads_lock - owner thread: 0x000001fbb4a77150
[0x000001fbb4a24c90] Heap_lock - owner thread: 0x000001fbb4a6d980

Heap address: 0x00000000c2a00000, size: 982 MB, Compressed Oops mode: 32-bit

CDS archive(s) mapped at: [0x0000000800000000-0x0000000800ba0000-0x0000000800ba0000), size 12189696, SharedBaseAddress: 0x0000000800000000, ArchiveRelocationMode: 0.
Compressed class space mapped at: 0x0000000800c00000-0x0000000840c00000, reserved size: 1073741824
Narrow klass base: 0x0000000800000000, Narrow klass shift: 0, Narrow klass range: 0x100000000

GC Precious Log:
 CardTable entry size: 512
 Card Set container configuration: InlinePtr #cards 5 size 8 Array Of Cards #cards 12 size 40 Howl #buckets 4 coarsen threshold 1843 Howl Bitmap #cards 512 size 80 coarsen threshold 460 Card regions per heap region 1 cards per card region 2048
 CPUs: 2 total, 2 available
 Memory: 3922M
 Large Page Support: Disabled
 NUMA Support: Disabled
 Compressed Oops: Enabled (32-bit)
 Heap Region Size: 1M
 Heap Min Capacity: 8M
 Heap Initial Capacity: 62M
 Heap Max Capacity: 982M
 Pre-touch: Disabled
 Parallel Workers: 2
 Concurrent Workers: 1
 Concurrent Refinement Workers: 2
 Periodic GC: Disabled

Heap:
 garbage-first heap   total 145408K, used 132490K [0x00000000c2a00000, 0x0000000100000000)
  region size 1024K, 1 young (1024K), 1 survivors (1024K)
 Metaspace       used 4651K, committed 4800K, reserved 1114112K
  class space    used 475K, committed 512K, reserved 1048576K

Heap Regions: E=young(eden), S=young(survivor), O=old, HS=humongous(starts), HC=humongous(continues), CS=collection set, F=free, OA=open archive, CA=closed archive, TAMS=top-at-mark-start (previous, next)
|   0|0x00000000c2a00000, 0x00000000c2b00000, 0x00000000c2b00000|100%| O|  |TAMS 0x00000000c2b00000, 0x00000000c2a00000| Untracked 
|   1|0x00000000c2b00000, 0x00000000c2c00000, 0x00000000c2c00000|100%| O|  |TAMS 0x00000000c2c00000, 0x00000000c2b00000| Untracked 
|   2|0x00000000c2c00000, 0x00000000c2c59400, 0x00000000c2d00000| 34%| O|  |TAMS 0x00000000c2c59400, 0x00000000c2c00000| Updating 
|   3|0x00000000c2d00000, 0x00000000c2e00000, 0x00000000c2e00000|100%|HS|  |TAMS 0x00000000c2e00000, 0x00000000c2d00000| Complete 
|   4|0x00000000c2e00000, 0x00000000c2f00000, 0x00000000c2f00000|100%|HC|  |TAMS 0x00000000c2f00000, 0x00000000c2e00000| Complete 
|   5|0x00000000c2f00000, 0x00000000c3000000, 0x00000000c3000000|100%|HC|  |TAMS 0x00000000c3000000, 0x00000000c2f00000| Complete 
|   6|0x00000000c3000000, 0x00000000c3100000, 0x00000000c3100000|100%|HS|  |TAMS 0x00000000c3000000, 0x00000000c3000000| Complete 
|   7|0x00000000c3100000, 0x00000000c3200000, 0x00000000c3200000|100%|HC|  |TAMS 0x00000000c3100000, 0x00000000c3100000| Complete 
|   8|0x00000000c3200000, 0x00000000c3300000, 0x00000000c3300000|100%|HC|  |TAMS 0x00000000c3200000, 0x00000000c3200000| Complete 
|   9|0x00000000c3300000, 0x00000000c3400000, 0x00000000c3400000|100%|HC|  |TAMS 0x00000000c3300000, 0x00000000c3300000| Complete 
|  10|0x00000000c3400000, 0x00000000c3500000, 0x00000000c3500000|100%|HC|  |TAMS 0x00000000c3400000, 0x00000000c3400000| Complete 
|  11|0x00000000c3500000, 0x00000000c3600000, 0x00000000c3600000|100%|HC|  |TAMS 0x00000000c3500000, 0x00000000c3500000| Complete 
|  12|0x00000000c3600000, 0x00000000c3700000, 0x00000000c3700000|100%|HC|  |TAMS 0x00000000c3600000, 0x00000000c3600000| Complete 
|  13|0x00000000c3700000, 0x00000000c3800000, 0x00000000c3800000|100%|HC|  |TAMS 0x00000000c3700000, 0x00000000c3700000| Complete 
|  14|0x00000000c3800000, 0x00000000c3900000, 0x00000000c3900000|100%|HC|  |TAMS 0x00000000c3800000, 0x00000000c3800000| Complete 
|  15|0x00000000c3900000, 0x00000000c3a00000, 0x00000000c3a00000|100%|HC|  |TAMS 0x00000000c3900000, 0x00000000c3900000| Complete 
|  16|0x00000000c3a00000, 0x00000000c3b00000, 0x00000000c3b00000|100%|HC|  |TAMS 0x00000000c3a00000, 0x00000000c3a00000| Complete 
|  17|0x00000000c3b00000, 0x00000000c3c00000, 0x00000000c3c00000|100%|HC|  |TAMS 0x00000000c3b00000, 0x00000000c3b00000| Complete 
|  18|0x00000000c3c00000, 0x00000000c3d00000, 0x00000000c3d00000|100%|HC|  |TAMS 0x00000000c3c00000, 0x00000000c3c00000| Complete 
|  19|0x00000000c3d00000, 0x00000000c3e00000, 0x00000000c3e00000|100%|HC|  |TAMS 0x00000000c3d00000, 0x00000000c3d00000| Complete 
|  20|0x00000000c3e00000, 0x00000000c3f00000, 0x00000000c3f00000|100%|HC|  |TAMS 0x00000000c3e00000, 0x00000000c3e00000| Complete 
|  21|0x00000000c3f00000, 0x00000000c4000000, 0x00000000c4000000|100%|HC|  |TAMS 0x00000000c3f00000, 0x00000000c3f00000| Complete 
|  22|0x00000000c4000000, 0x00000000c4100000, 0x00000000c4100000|100%|HC|  |TAMS 0x00000000c4000000, 0x00000000c4000000| Complete 
|  23|0x00000000c4100000, 0x00000000c4200000, 0x00000000c4200000|100%|HC|  |TAMS 0x00000000c4100000, 0x00000000c4100000| Complete 
|  24|0x00000000c4200000, 0x00000000c4300000, 0x00000000c4300000|100%|HC|  |TAMS 0x00000000c4200000, 0x00000000c4200000| Complete 
|  25|0x00000000c4300000, 0x00000000c4400000, 0x00000000c4400000|100%|HC|  |TAMS 0x00000000c4300000, 0x00000000c4300000| Complete 
|  26|0x00000000c4400000, 0x00000000c4500000, 0x00000000c4500000|100%|HC|  |TAMS 0x00000000c4400000, 0x00000000c4400000| Complete 
|  27|0x00000000c4500000, 0x00000000c4600000, 0x00000000c4600000|100%|HC|  |TAMS 0x00000000c4500000, 0x00000000c4500000| Complete 
|  28|0x00000000c4600000, 0x00000000c4700000, 0x00000000c4700000|100%|HC|  |TAMS 0x00000000c4600000, 0x00000000c4600000| Complete 
|  29|0x00000000c4700000, 0x00000000c4800000, 0x00000000c4800000|100%|HC|  |TAMS 0x00000000c4700000, 0x00000000c4700000| Complete 
|  30|0x00000000c4800000, 0x00000000c4900000, 0x00000000c4900000|100%|HC|  |TAMS 0x00000000c4800000, 0x00000000c4800000| Complete 
|  31|0x00000000c4900000, 0x00000000c4a00000, 0x00000000c4a00000|100%|HC|  |TAMS 0x00000000c4900000, 0x00000000c4900000| Complete 
|  32|0x00000000c4a00000, 0x00000000c4b00000, 0x00000000c4b00000|100%|HC|  |TAMS 0x00000000c4a00000, 0x00000000c4a00000| Complete 
|  33|0x00000000c4b00000, 0x00000000c4c00000, 0x00000000c4c00000|100%|HC|  |TAMS 0x00000000c4b00000, 0x00000000c4b00000| Complete 
|  34|0x00000000c4c00000, 0x00000000c4d00000, 0x00000000c4d00000|100%|HC|  |TAMS 0x00000000c4c00000, 0x00000000c4c00000| Complete 
|  35|0x00000000c4d00000, 0x00000000c4e00000, 0x00000000c4e00000|100%|HC|  |TAMS 0x00000000c4d00000, 0x00000000c4d00000| Complete 
|  36|0x00000000c4e00000, 0x00000000c4f00000, 0x00000000c4f00000|100%|HC|  |TAMS 0x00000000c4e00000, 0x00000000c4e00000| Complete 
|  37|0x00000000c4f00000, 0x00000000c5000000, 0x00000000c5000000|100%|HC|  |TAMS 0x00000000c4f00000, 0x00000000c4f00000| Complete 
|  38|0x00000000c5000000, 0x00000000c5100000, 0x00000000c5100000|100%|HC|  |TAMS 0x00000000c5000000, 0x00000000c5000000| Complete 
|  39|0x00000000c5100000, 0x00000000c5200000, 0x00000000c5200000|100%|HC|  |TAMS 0x00000000c5100000, 0x00000000c5100000| Complete 
|  40|0x00000000c5200000, 0x00000000c5300000, 0x00000000c5300000|100%|HC|  |TAMS 0x00000000c5200000, 0x00000000c5200000| Complete 
|  41|0x00000000c5300000, 0x00000000c5400000, 0x00000000c5400000|100%|HC|  |TAMS 0x00000000c5300000, 0x00000000c5300000| Complete 
|  42|0x00000000c5400000, 0x00000000c5500000, 0x00000000c5500000|100%|HC|  |TAMS 0x00000000c5400000, 0x00000000c5400000| Complete 
|  43|0x00000000c5500000, 0x00000000c5600000, 0x00000000c5600000|100%|HC|  |TAMS 0x00000000c5500000, 0x00000000c5500000| Complete 
|  44|0x00000000c5600000, 0x00000000c5700000, 0x00000000c5700000|100%|HC|  |TAMS 0x00000000c5600000, 0x00000000c5600000| Complete 
|  45|0x00000000c5700000, 0x00000000c5800000, 0x00000000c5800000|100%|HC|  |TAMS 0x00000000c5700000, 0x00000000c5700000| Complete 
|  46|0x00000000c5800000, 0x00000000c5900000, 0x00000000c5900000|100%|HC|  |TAMS 0x00000000c5800000, 0x00000000c5800000| Complete 
|  47|0x00000000c5900000, 0x00000000c5a00000, 0x00000000c5a00000|100%|HC|  |TAMS 0x00000000c5900000, 0x00000000c5900000| Complete 
|  48|0x00000000c5a00000, 0x00000000c5b00000, 0x00000000c5b00000|100%|HC|  |TAMS 0x00000000c5a00000, 0x00000000c5a00000| Complete 
|  49|0x00000000c5b00000, 0x00000000c5c00000, 0x00000000c5c00000|100%|HC|  |TAMS 0x00000000c5b00000, 0x00000000c5b00000| Complete 
|  50|0x00000000c5c00000, 0x00000000c5d00000, 0x00000000c5d00000|100%|HC|  |TAMS 0x00000000c5c00000, 0x00000000c5c00000| Complete 
|  51|0x00000000c5d00000, 0x00000000c5e00000, 0x00000000c5e00000|100%|HC|  |TAMS 0x00000000c5d00000, 0x00000000c5d00000| Complete 
|  52|0x00000000c5e00000, 0x00000000c5f00000, 0x00000000c5f00000|100%|HC|  |TAMS 0x00000000c5e00000, 0x00000000c5e00000| Complete 
|  53|0x00000000c5f00000, 0x00000000c5f00000, 0x00000000c6000000|  0%| F|  |TAMS 0x00000000c5f00000, 0x00000000c5f00000| Untracked 
|  54|0x00000000c6000000, 0x00000000c6000000, 0x00000000c6100000|  0%| F|  |TAMS 0x00000000c6000000, 0x00000000c6000000| Untracked 
|  55|0x00000000c6100000, 0x00000000c6100000, 0x00000000c6200000|  0%| F|  |TAMS 0x00000000c6100000, 0x00000000c6100000| Untracked 
|  56|0x00000000c6200000, 0x00000000c6300000, 0x00000000c6300000|100%|HS|  |TAMS 0x00000000c6300000, 0x00000000c6200000| Complete 
|  57|0x00000000c6300000, 0x00000000c6400000, 0x00000000c6400000|100%|HC|  |TAMS 0x00000000c6400000, 0x00000000c6300000| Complete 
|  58|0x00000000c6400000, 0x00000000c6500000, 0x00000000c6500000|100%|HC|  |TAMS 0x00000000c6500000, 0x00000000c6400000| Complete 
|  59|0x00000000c6500000, 0x00000000c6600000, 0x00000000c6600000|100%|HC|  |TAMS 0x00000000c6600000, 0x00000000c6500000| Complete 
|  60|0x00000000c6600000, 0x00000000c6700000, 0x00000000c6700000|100%|HC|  |TAMS 0x00000000c6700000, 0x00000000c6600000| Complete 
|  61|0x00000000c6700000, 0x00000000c6800000, 0x00000000c6800000|100%|HC|  |TAMS 0x00000000c6800000, 0x00000000c6700000| Complete 
|  62|0x00000000c6800000, 0x00000000c6900000, 0x00000000c6900000|100%|HC|  |TAMS 0x00000000c6900000, 0x00000000c6800000| Complete 
|  63|0x00000000c6900000, 0x00000000c6a00000, 0x00000000c6a00000|100%|HC|  |TAMS 0x00000000c6a00000, 0x00000000c6900000| Complete 
|  64|0x00000000c6a00000, 0x00000000c6b00000, 0x00000000c6b00000|100%|HC|  |TAMS 0x00000000c6b00000, 0x00000000c6a00000| Complete 
|  65|0x00000000c6b00000, 0x00000000c6c00000, 0x00000000c6c00000|100%|HC|  |TAMS 0x00000000c6c00000, 0x00000000c6b00000| Complete 
|  66|0x00000000c6c00000, 0x00000000c6d00000, 0x00000000c6d00000|100%|HC|  |TAMS 0x00000000c6d00000, 0x00000000c6c00000| Complete 
|  67|0x00000000c6d00000, 0x00000000c6e00000, 0x00000000c6e00000|100%|HC|  |TAMS 0x00000000c6e00000, 0x00000000c6d00000| Complete 
|  68|0x00000000c6e00000, 0x00000000c6f00000, 0x00000000c6f00000|100%|HC|  |TAMS 0x00000000c6f00000, 0x00000000c6e00000| Complete 
|  69|0x00000000c6f00000, 0x00000000c7000000, 0x00000000c7000000|100%|HC|  |TAMS 0x00000000c7000000, 0x00000000c6f00000| Complete 
|  70|0x00000000c7000000, 0x00000000c7100000, 0x00000000c7100000|100%|HC|  |TAMS 0x00000000c7100000, 0x00000000c7000000| Complete 
|  71|0x00000000c7100000, 0x00000000c7200000, 0x00000000c7200000|100%|HC|  |TAMS 0x00000000c7200000, 0x00000000c7100000| Complete 
|  72|0x00000000c7200000, 0x00000000c7300000, 0x00000000c7300000|100%|HC|  |TAMS 0x00000000c7300000, 0x00000000c7200000| Complete 
|  73|0x00000000c7300000, 0x00000000c7400000, 0x00000000c7400000|100%|HC|  |TAMS 0x00000000c7400000, 0x00000000c7300000| Complete 
|  74|0x00000000c7400000, 0x00000000c7500000, 0x00000000c7500000|100%|HC|  |TAMS 0x00000000c7500000, 0x00000000c7400000| Complete 
|  75|0x00000000c7500000, 0x00000000c7600000, 0x00000000c7600000|100%|HC|  |TAMS 0x00000000c7600000, 0x00000000c7500000| Complete 
|  76|0x00000000c7600000, 0x00000000c7700000, 0x00000000c7700000|100%|HC|  |TAMS 0x00000000c7700000, 0x00000000c7600000| Complete 
|  77|0x00000000c7700000, 0x00000000c7800000, 0x00000000c7800000|100%|HC|  |TAMS 0x00000000c7800000, 0x00000000c7700000| Complete 
|  78|0x00000000c7800000, 0x00000000c7900000, 0x00000000c7900000|100%|HC|  |TAMS 0x00000000c7900000, 0x00000000c7800000| Complete 
|  79|0x00000000c7900000, 0x00000000c7a00000, 0x00000000c7a00000|100%|HC|  |TAMS 0x00000000c7a00000, 0x00000000c7900000| Complete 
|  80|0x00000000c7a00000, 0x00000000c7b00000, 0x00000000c7b00000|100%|HC|  |TAMS 0x00000000c7b00000, 0x00000000c7a00000| Complete 
|  81|0x00000000c7b00000, 0x00000000c7c00000, 0x00000000c7c00000|100%|HC|  |TAMS 0x00000000c7c00000, 0x00000000c7b00000| Complete 
|  82|0x00000000c7c00000, 0x00000000c7d00000, 0x00000000c7d00000|100%|HC|  |TAMS 0x00000000c7d00000, 0x00000000c7c00000| Complete 
|  83|0x00000000c7d00000, 0x00000000c7e00000, 0x00000000c7e00000|100%|HC|  |TAMS 0x00000000c7e00000, 0x00000000c7d00000| Complete 
|  84|0x00000000c7e00000, 0x00000000c7f00000, 0x00000000c7f00000|100%|HC|  |TAMS 0x00000000c7f00000, 0x00000000c7e00000| Complete 
|  85|0x00000000c7f00000, 0x00000000c8000000, 0x00000000c8000000|100%|HC|  |TAMS 0x00000000c8000000, 0x00000000c7f00000| Complete 
|  86|0x00000000c8000000, 0x00000000c8100000, 0x00000000c8100000|100%|HC|  |TAMS 0x00000000c8100000, 0x00000000c8000000| Complete 
|  87|0x00000000c8100000, 0x00000000c8200000, 0x00000000c8200000|100%|HC|  |TAMS 0x00000000c8200000, 0x00000000c8100000| Complete 
|  88|0x00000000c8200000, 0x00000000c8300000, 0x00000000c8300000|100%|HC|  |TAMS 0x00000000c8300000, 0x00000000c8200000| Complete 
|  89|0x00000000c8300000, 0x00000000c8400000, 0x00000000c8400000|100%|HC|  |TAMS 0x00000000c8400000, 0x00000000c8300000| Complete 
|  90|0x00000000c8400000, 0x00000000c8500000, 0x00000000c8500000|100%|HC|  |TAMS 0x00000000c8500000, 0x00000000c8400000| Complete 
|  91|0x00000000c8500000, 0x00000000c8600000, 0x00000000c8600000|100%|HC|  |TAMS 0x00000000c8600000, 0x00000000c8500000| Complete 
|  92|0x00000000c8600000, 0x00000000c8700000, 0x00000000c8700000|100%|HC|  |TAMS 0x00000000c8700000, 0x00000000c8600000| Complete 
|  93|0x00000000c8700000, 0x00000000c8800000, 0x00000000c8800000|100%|HC|  |TAMS 0x00000000c8800000, 0x00000000c8700000| Complete 
|  94|0x00000000c8800000, 0x00000000c8900000, 0x00000000c8900000|100%|HC|  |TAMS 0x00000000c8900000, 0x00000000c8800000| Complete 
|  95|0x00000000c8900000, 0x00000000c8a00000, 0x00000000c8a00000|100%|HC|  |TAMS 0x00000000c8a00000, 0x00000000c8900000| Complete 
|  96|0x00000000c8a00000, 0x00000000c8b00000, 0x00000000c8b00000|100%|HC|  |TAMS 0x00000000c8b00000, 0x00000000c8a00000| Complete 
|  97|0x00000000c8b00000, 0x00000000c8c00000, 0x00000000c8c00000|100%|HC|  |TAMS 0x00000000c8c00000, 0x00000000c8b00000| Complete 
|  98|0x00000000c8c00000, 0x00000000c8d00000, 0x00000000c8d00000|100%|HC|  |TAMS 0x00000000c8d00000, 0x00000000c8c00000| Complete 
|  99|0x00000000c8d00000, 0x00000000c8e00000, 0x00000000c8e00000|100%|HC|  |TAMS 0x00000000c8e00000, 0x00000000c8d00000| Complete 
| 100|0x00000000c8e00000, 0x00000000c8f00000, 0x00000000c8f00000|100%|HC|  |TAMS 0x00000000c8f00000, 0x00000000c8e00000| Complete 
| 101|0x00000000c8f00000, 0x00000000c9000000, 0x00000000c9000000|100%|HC|  |TAMS 0x00000000c9000000, 0x00000000c8f00000| Complete 
| 102|0x00000000c9000000, 0x00000000c9100000, 0x00000000c9100000|100%|HC|  |TAMS 0x00000000c9100000, 0x00000000c9000000| Complete 
| 103|0x00000000c9100000, 0x00000000c9200000, 0x00000000c9200000|100%|HC|  |TAMS 0x00000000c9200000, 0x00000000c9100000| Complete 
| 104|0x00000000c9200000, 0x00000000c9300000, 0x00000000c9300000|100%|HC|  |TAMS 0x00000000c9300000, 0x00000000c9200000| Complete 
| 105|0x00000000c9300000, 0x00000000c9400000, 0x00000000c9400000|100%|HC|  |TAMS 0x00000000c9400000, 0x00000000c9300000| Complete 
| 106|0x00000000c9400000, 0x00000000c9500000, 0x00000000c9500000|100%|HC|  |TAMS 0x00000000c9500000, 0x00000000c9400000| Complete 
| 107|0x00000000c9500000, 0x00000000c9600000, 0x00000000c9600000|100%|HC|  |TAMS 0x00000000c9600000, 0x00000000c9500000| Complete 
| 108|0x00000000c9600000, 0x00000000c9700000, 0x00000000c9700000|100%|HC|  |TAMS 0x00000000c9700000, 0x00000000c9600000| Complete 
| 109|0x00000000c9700000, 0x00000000c9800000, 0x00000000c9800000|100%|HC|  |TAMS 0x00000000c9800000, 0x00000000c9700000| Complete 
| 110|0x00000000c9800000, 0x00000000c9900000, 0x00000000c9900000|100%|HC|  |TAMS 0x00000000c9900000, 0x00000000c9800000| Complete 
| 111|0x00000000c9900000, 0x00000000c9a00000, 0x00000000c9a00000|100%|HC|  |TAMS 0x00000000c9a00000, 0x00000000c9900000| Complete 
| 112|0x00000000c9a00000, 0x00000000c9b00000, 0x00000000c9b00000|100%|HC|  |TAMS 0x00000000c9b00000, 0x00000000c9a00000| Complete 
| 113|0x00000000c9b00000, 0x00000000c9c00000, 0x00000000c9c00000|100%|HC|  |TAMS 0x00000000c9c00000, 0x00000000c9b00000| Complete 
| 114|0x00000000c9c00000, 0x00000000c9d00000, 0x00000000c9d00000|100%|HC|  |TAMS 0x00000000c9d00000, 0x00000000c9c00000| Complete 
| 115|0x00000000c9d00000, 0x00000000c9e00000, 0x00000000c9e00000|100%|HC|  |TAMS 0x00000000c9e00000, 0x00000000c9d00000| Complete 
| 116|0x00000000c9e00000, 0x00000000c9f00000, 0x00000000c9f00000|100%|HC|  |TAMS 0x00000000c9f00000, 0x00000000c9e00000| Complete 
| 117|0x00000000c9f00000, 0x00000000ca000000, 0x00000000ca000000|100%|HC|  |TAMS 0x00000000ca000000, 0x00000000c9f00000| Complete 
| 118|0x00000000ca000000, 0x00000000ca100000, 0x00000000ca100000|100%|HC|  |TAMS 0x00000000ca100000, 0x00000000ca000000| Complete 
| 119|0x00000000ca100000, 0x00000000ca200000, 0x00000000ca200000|100%|HC|  |TAMS 0x00000000ca200000, 0x00000000ca100000| Complete 
| 120|0x00000000ca200000, 0x00000000ca300000, 0x00000000ca300000|100%|HC|  |TAMS 0x00000000ca300000, 0x00000000ca200000| Complete 
| 121|0x00000000ca300000, 0x00000000ca400000, 0x00000000ca400000|100%|HC|  |TAMS 0x00000000ca400000, 0x00000000ca300000| Complete 
| 122|0x00000000ca400000, 0x00000000ca500000, 0x00000000ca500000|100%|HC|  |TAMS 0x00000000ca500000, 0x00000000ca400000| Complete 
| 123|0x00000000ca500000, 0x00000000ca600000, 0x00000000ca600000|100%|HC|  |TAMS 0x00000000ca600000, 0x00000000ca500000| Complete 
| 124|0x00000000ca600000, 0x00000000ca700000, 0x00000000ca700000|100%|HC|  |TAMS 0x00000000ca700000, 0x00000000ca600000| Complete 
| 125|0x00000000ca700000, 0x00000000ca800000, 0x00000000ca800000|100%|HC|  |TAMS 0x00000000ca800000, 0x00000000ca700000| Complete 
| 126|0x00000000ca800000, 0x00000000ca900000, 0x00000000ca900000|100%|HC|  |TAMS 0x00000000ca900000, 0x00000000ca800000| Complete 
| 127|0x00000000ca900000, 0x00000000caa00000, 0x00000000caa00000|100%|HC|  |TAMS 0x00000000caa00000, 0x00000000ca900000| Complete 
| 128|0x00000000caa00000, 0x00000000cab00000, 0x00000000cab00000|100%|HC|  |TAMS 0x00000000cab00000, 0x00000000caa00000| Complete 
| 129|0x00000000cab00000, 0x00000000cac00000, 0x00000000cac00000|100%|HC|  |TAMS 0x00000000cac00000, 0x00000000cab00000| Complete 
| 130|0x00000000cac00000, 0x00000000cad00000, 0x00000000cad00000|100%|HC|  |TAMS 0x00000000cad00000, 0x00000000cac00000| Complete 
| 131|0x00000000cad00000, 0x00000000cae00000, 0x00000000cae00000|100%|HC|  |TAMS 0x00000000cae00000, 0x00000000cad00000| Complete 
| 132|0x00000000cae00000, 0x00000000caf00000, 0x00000000caf00000|100%|HC|  |TAMS 0x00000000caf00000, 0x00000000cae00000| Complete 
| 133|0x00000000caf00000, 0x00000000caf00000, 0x00000000cb000000|  0%| F|  |TAMS 0x00000000caf00000, 0x00000000caf00000| Untracked 
| 134|0x00000000cb000000, 0x00000000cb000000, 0x00000000cb100000|  0%| F|  |TAMS 0x00000000cb000000, 0x00000000cb000000| Untracked 
| 135|0x00000000cb100000, 0x00000000cb100000, 0x00000000cb200000|  0%| F|  |TAMS 0x00000000cb100000, 0x00000000cb100000| Untracked 
| 136|0x00000000cb200000, 0x00000000cb200000, 0x00000000cb300000|  0%| F|  |TAMS 0x00000000cb200000, 0x00000000cb200000| Untracked 
| 137|0x00000000cb300000, 0x00000000cb300000, 0x00000000cb400000|  0%| F|  |TAMS 0x00000000cb300000, 0x00000000cb300000| Untracked 
| 138|0x00000000cb400000, 0x00000000cb400000, 0x00000000cb500000|  0%| F|  |TAMS 0x00000000cb400000, 0x00000000cb400000| Untracked 
| 139|0x00000000cb500000, 0x00000000cb509790, 0x00000000cb600000|  3%| S|CS|TAMS 0x00000000cb500000, 0x00000000cb500000| Complete 
| 140|0x00000000cb600000, 0x00000000cb600000, 0x00000000cb700000|  0%| F|  |TAMS 0x00000000cb600000, 0x00000000cb600000| Untracked 
| 141|0x00000000cb700000, 0x00000000cb700000, 0x00000000cb800000|  0%| F|  |TAMS 0x00000000cb700000, 0x00000000cb700000| Untracked 

Card table byte_map: [0x000001fbb47e0000,0x000001fbb49d0000] _byte_map_base: 0x000001fbb41cb000

Marking Bits (Prev, Next): (CMBitMap*) 0x000001fbb4a655d0, (CMBitMap*) 0x000001fbb4a65590
 Prev Bits: [0x000001fbcc4b0000, 0x000001fbcd408000)
 Next Bits: [0x000001fbcb550000, 0x000001fbcc4a8000)

Polling page: 0x000001fbb29d0000

Metaspace:

Usage:
  Non-class:      4.08 MB used.
      Class:    475.26 KB used.
       Both:      4.54 MB used.

Virtual space:
  Non-class space:       64.00 MB reserved,       4.19 MB (  7%) committed,  1 nodes.
      Class space:        1.00 GB reserved,     512.00 KB ( <1%) committed,  1 nodes.
             Both:        1.06 GB reserved,       4.69 MB ( <1%) committed. 

Chunk freelists:
   Non-Class:  2.89 MB
       Class:  3.50 MB
        Both:  6.40 MB

MaxMetaspaceSize: unlimited
CompressedClassSpaceSize: 1.00 GB
Initial GC threshold: 21.00 MB
Current GC threshold: 21.00 MB
CDS: on
MetaspaceReclaimPolicy: balanced
 - commit_granule_bytes: 65536.
 - commit_granule_words: 8192.
 - virtual_space_node_default_size: 8388608.
 - enlarge_chunks_in_place: 1.
 - new_chunks_are_fully_committed: 0.
 - uncommit_free_chunks: 1.
 - use_allocation_guard: 0.


Internal statistics:

num_allocs_failed_limit: 0.
num_arena_births: 106.
num_arena_deaths: 0.
num_vsnodes_births: 2.
num_vsnodes_deaths: 0.
num_space_committed: 75.
num_space_uncommitted: 0.
num_chunks_returned_to_freelist: 0.
num_chunks_taken_from_freelist: 141.
num_chunk_merges: 0.
num_chunk_splits: 78.
num_chunks_enlarged: 21.
num_inconsistent_stats: 0.

CodeHeap 'non-profiled nmethods': size=120064Kb used=227Kb max_used=227Kb free=119836Kb
 bounds [0x000001fbc3e20000, 0x000001fbc4090000, 0x000001fbcb360000]
CodeHeap 'profiled nmethods': size=120000Kb used=1189Kb max_used=1189Kb free=118810Kb
 bounds [0x000001fbbc8f0000, 0x000001fbbcb60000, 0x000001fbc3e20000]
CodeHeap 'non-nmethods': size=5696Kb used=1218Kb max_used=1236Kb free=4477Kb
 bounds [0x000001fbbc360000, 0x000001fbbc5d0000, 0x000001fbbc8f0000]
 total_blobs=1262 nmethods=743 adapters=433
 compilation: enabled
              stopped_count=0, restarted_count=0
 full_count=0

Compilation events (20 events):
Event: 2.413 Thread 0x000001fbcf7475d0  734       3       java.awt.image.ReplicateScaleFilter::setPixels (225 bytes)
Event: 2.414 Thread 0x000001fbcf7475d0 nmethod 734 0x000001fbbca16790 code [0x000001fbbca169a0, 0x000001fbbca17358]
Event: 2.448 Thread 0x000001fbcf7367a0  735 %     4       java.awt.image.ReplicateScaleFilter::setPixels @ 145 (225 bytes)
Event: 2.470 Thread 0x000001fbcf7367a0 nmethod 735% 0x000001fbc3e53990 code [0x000001fbc3e53b40, 0x000001fbc3e54348]
Event: 2.476 Thread 0x000001fbcf7367a0  736       4       java.awt.image.ReplicateScaleFilter::setPixels (225 bytes)
Event: 2.498 Thread 0x000001fbcf7367a0 nmethod 736 0x000001fbc3e54810 code [0x000001fbc3e549c0, 0x000001fbc3e551c8]
Event: 2.696 Thread 0x000001fbcf7367a0  737       4       sun.awt.image.JPEGImageDecoder::sendPixels (40 bytes)
Event: 2.750 Thread 0x000001fbcf7367a0 nmethod 737 0x000001fbc3e55790 code [0x000001fbc3e55980, 0x000001fbc3e56c68]
Event: 2.967 Thread 0x000001fbcf7367a0  738       4       java.io.BufferedInputStream::read1 (108 bytes)
Event: 2.971 Thread 0x000001fbcf7367a0 nmethod 738 0x000001fbc3e57910 code [0x000001fbc3e57aa0, 0x000001fbc3e57cc8]
Event: 2.974 Thread 0x000001fbcf7367a0  739  s    4       java.io.BufferedInputStream::read (113 bytes)
Event: 2.987 Thread 0x000001fbcf7367a0 nmethod 739 0x000001fbc3e57f10 code [0x000001fbc3e580e0, 0x000001fbc3e588a8]
Event: 3.138 Thread 0x000001fbcf7475d0  740   !   3       java.nio.DirectIntBufferU::get (34 bytes)
Event: 3.139 Thread 0x000001fbcf7475d0 nmethod 740 0x000001fbbca17790 code [0x000001fbbca179e0, 0x000001fbbca182f8]
Event: 3.139 Thread 0x000001fbcf7475d0  741       3       java.nio.DirectIntBufferU::ix (10 bytes)
Event: 3.139 Thread 0x000001fbcf7475d0 nmethod 741 0x000001fbbca18790 code [0x000001fbbca18920, 0x000001fbbca18a38]
Event: 3.139 Thread 0x000001fbcf7475d0  742   !   3       jdk.internal.misc.ScopedMemoryAccess::getInt (20 bytes)
Event: 3.140 Thread 0x000001fbcf7475d0 nmethod 742 0x000001fbbca18b10 code [0x000001fbbca18ce0, 0x000001fbbca19158]
Event: 3.140 Thread 0x000001fbcf7475d0  743       3       java.util.Arrays::copyOf (10 bytes)
Event: 3.140 Thread 0x000001fbcf7475d0 nmethod 743 0x000001fbbca19390 code [0x000001fbbca19540, 0x000001fbbca19688]

GC Heap History (12 events):
Event: 1.417 GC heap before
{Heap before GC invocations=0 (full 0):
 garbage-first heap   total 63488K, used 5120K [0x00000000c2a00000, 0x0000000100000000)
  region size 1024K, 6 young (6144K), 0 survivors (0K)
 Metaspace       used 4490K, committed 4608K, reserved 1114112K
  class space    used 463K, committed 512K, reserved 1048576K
}
Event: 1.430 GC heap after
{Heap after GC invocations=1 (full 0):
 garbage-first heap   total 63488K, used 2400K [0x00000000c2a00000, 0x0000000100000000)
  region size 1024K, 1 young (1024K), 1 survivors (1024K)
 Metaspace       used 4490K, committed 4608K, reserved 1114112K
  class space    used 463K, committed 512K, reserved 1048576K
}
Event: 1.546 GC heap before
{Heap before GC invocations=1 (full 0):
 garbage-first heap   total 136192K, used 84320K [0x00000000c2a00000, 0x0000000100000000)
  region size 1024K, 5 young (5120K), 1 survivors (1024K)
 Metaspace       used 4586K, committed 4736K, reserved 1114112K
  class space    used 469K, committed 512K, reserved 1048576K
}
Event: 1.551 GC heap after
{Heap after GC invocations=2 (full 0):
 garbage-first heap   total 136192K, used 81427K [0x00000000c2a00000, 0x0000000100000000)
  region size 1024K, 1 young (1024K), 1 survivors (1024K)
 Metaspace       used 4586K, committed 4736K, reserved 1114112K
  class space    used 469K, committed 512K, reserved 1048576K
}
Event: 1.675 GC heap before
{Heap before GC invocations=2 (full 0):
 garbage-first heap   total 136192K, used 91667K [0x00000000c2a00000, 0x0000000100000000)
  region size 1024K, 12 young (12288K), 1 survivors (1024K)
 Metaspace       used 4604K, committed 4736K, reserved 1114112K
  class space    used 469K, committed 512K, reserved 1048576K
}
Event: 1.676 GC heap after
{Heap after GC invocations=3 (full 0):
 garbage-first heap   total 136192K, used 81296K [0x00000000c2a00000, 0x0000000100000000)
  region size 1024K, 1 young (1024K), 1 survivors (1024K)
 Metaspace       used 4604K, committed 4736K, reserved 1114112K
  class space    used 469K, committed 512K, reserved 1048576K
}
Event: 2.101 GC heap before
{Heap before GC invocations=4 (full 0):
 garbage-first heap   total 140288K, used 115088K [0x00000000c2a00000, 0x0000000100000000)
  region size 1024K, 35 young (35840K), 1 survivors (1024K)
 Metaspace       used 4607K, committed 4736K, reserved 1114112K
  class space    used 470K, committed 512K, reserved 1048576K
}
Event: 2.102 GC heap after
{Heap after GC invocations=5 (full 0):
 garbage-first heap   total 140288K, used 81264K [0x00000000c2a00000, 0x0000000100000000)
  region size 1024K, 1 young (1024K), 1 survivors (1024K)
 Metaspace       used 4607K, committed 4736K, reserved 1114112K
  class space    used 470K, committed 512K, reserved 1048576K
}
Event: 2.373 GC heap before
{Heap before GC invocations=5 (full 0):
 garbage-first heap   total 140288K, used 108912K [0x00000000c2a00000, 0x0000000100000000)
  region size 1024K, 30 young (30720K), 1 survivors (1024K)
 Metaspace       used 4617K, committed 4736K, reserved 1114112K
  class space    used 472K, committed 512K, reserved 1048576K
}
Event: 2.374 GC heap after
{Heap after GC invocations=6 (full 0):
 garbage-first heap   total 140288K, used 81300K [0x00000000c2a00000, 0x0000000100000000)
  region size 1024K, 1 young (1024K), 1 survivors (1024K)
 Metaspace       used 4617K, committed 4736K, reserved 1114112K
  class space    used 472K, committed 512K, reserved 1048576K
}
Event: 3.142 GC heap before
{Heap before GC invocations=7 (full 0):
 garbage-first heap   total 145408K, used 86420K [0x00000000c2a00000, 0x0000000100000000)
  region size 1024K, 4 young (4096K), 1 survivors (1024K)
 Metaspace       used 4651K, committed 4800K, reserved 1114112K
  class space    used 475K, committed 512K, reserved 1048576K
}
Event: 3.143 GC heap after
{Heap after GC invocations=8 (full 0):
 garbage-first heap   total 145408K, used 84362K [0x00000000c2a00000, 0x0000000100000000)
  region size 1024K, 1 young (1024K), 1 survivors (1024K)
 Metaspace       used 4651K, committed 4800K, reserved 1114112K
  class space    used 475K, committed 512K, reserved 1048576K
}

Deoptimization events (12 events):
Event: 0.869 Thread 0x000001fbb4a265c0 Uncommon trap: trap_request=0xffffff45 fr.pc=0x000001fbc3e2e38c relative=0x000000000000096c
Event: 0.869 Thread 0x000001fbb4a265c0 Uncommon trap: reason=unstable_if action=reinterpret pc=0x000001fbc3e2e38c method=java.util.HashMap.putVal(ILjava/lang/Object;Ljava/lang/Object;ZZ)Ljava/lang/Object; @ 236 c2
Event: 0.869 Thread 0x000001fbb4a265c0 DEOPT PACKING pc=0x000001fbc3e2e38c sp=0x00000025fc2fdc10
Event: 0.869 Thread 0x000001fbb4a265c0 DEOPT UNPACKING pc=0x000001fbbc3b239d sp=0x00000025fc2fdbc8 mode 2
Event: 1.357 Thread 0x000001fbd3ef9080 Uncommon trap: trap_request=0xffffff45 fr.pc=0x000001fbc3e4cadc relative=0x000000000000033c
Event: 1.357 Thread 0x000001fbd3ef9080 Uncommon trap: reason=unstable_if action=reinterpret pc=0x000001fbc3e4cadc method=java.lang.StringLatin1.newString([BII)Ljava/lang/String; @ 1 c2
Event: 1.357 Thread 0x000001fbd3ef9080 DEOPT PACKING pc=0x000001fbc3e4cadc sp=0x00000025fd8fe760
Event: 1.358 Thread 0x000001fbd3ef9080 DEOPT UNPACKING pc=0x000001fbbc3b239d sp=0x00000025fd8fe728 mode 2
Event: 2.482 Thread 0x000001fbd3ef9080 DEOPT PACKING pc=0x000001fbbca17261 sp=0x00000025fd8fdfc0
Event: 2.482 Thread 0x000001fbd3ef9080 DEOPT UNPACKING pc=0x000001fbbc3b2b24 sp=0x00000025fd8fd450 mode 0
Event: 2.494 Thread 0x000001fbd3ef9080 DEOPT PACKING pc=0x000001fbbca17261 sp=0x00000025fd8fdfc0
Event: 2.494 Thread 0x000001fbd3ef9080 DEOPT UNPACKING pc=0x000001fbbc3b2b24 sp=0x00000025fd8fd450 mode 0

Classes loaded (20 events):
Event: 1.753 Loading class sun/awt/AppContext$PostShutdownEventRunnable
Event: 1.754 Loading class sun/awt/AppContext$PostShutdownEventRunnable done
Event: 1.754 Loading class sun/awt/AWTAutoShutdown$1
Event: 1.754 Loading class sun/awt/AWTAutoShutdown$1 done
Event: 2.366 Loading class java/awt/image/ReplicateScaleFilter
Event: 2.366 Loading class java/awt/image/ImageFilter
Event: 2.366 Loading class java/awt/image/ImageFilter done
Event: 2.367 Loading class java/awt/image/ReplicateScaleFilter done
Event: 2.367 Loading class java/awt/image/FilteredImageSource
Event: 2.367 Loading class java/awt/image/FilteredImageSource done
Event: 3.134 Loading class javax/swing/plaf/metal/MetalLabelUI
Event: 3.134 Loading class javax/swing/plaf/basic/BasicLabelUI
Event: 3.134 Loading class javax/swing/plaf/LabelUI
Event: 3.135 Loading class javax/swing/plaf/LabelUI done
Event: 3.135 Loading class javax/swing/plaf/basic/BasicLabelUI done
Event: 3.135 Loading class javax/swing/plaf/metal/MetalLabelUI done
Event: 3.136 Loading class javax/swing/plaf/metal/DefaultMetalTheme$FontDelegate$1
Event: 3.136 Loading class javax/swing/plaf/metal/DefaultMetalTheme$FontDelegate$1 done
Event: 3.136 Loading class javax/swing/plaf/basic/BasicHTML
Event: 3.137 Loading class javax/swing/plaf/basic/BasicHTML done

Classes unloaded (0 events):
No events

Classes redefined (0 events):
No events

Internal exceptions (15 events):
Event: 0.244 Thread 0x000001fbb4a265c0 Exception <a 'sun/nio/fs/WindowsException'{0x00000000c67fcf50}> (0x00000000c67fcf50) 
thrown [s\open\src\hotspot\share\prims\jni.cpp, line 516]
Event: 0.245 Thread 0x000001fbb4a265c0 Exception <a 'sun/nio/fs/WindowsException'{0x00000000c67fd448}> (0x00000000c67fd448) 
thrown [s\open\src\hotspot\share\prims\jni.cpp, line 516]
Event: 0.250 Thread 0x000001fbb4a265c0 Exception <a 'sun/nio/fs/WindowsException'{0x00000000c67ff5c0}> (0x00000000c67ff5c0) 
thrown [s\open\src\hotspot\share\prims\jni.cpp, line 516]
Event: 0.251 Thread 0x000001fbb4a265c0 Exception <a 'sun/nio/fs/WindowsException'{0x00000000c6600238}> (0x00000000c6600238) 
thrown [s\open\src\hotspot\share\prims\jni.cpp, line 516]
Event: 0.406 Thread 0x000001fbb4a265c0 Exception <a 'java/lang/ClassNotFoundException'{0x00000000c66c0040}: sun/awt/resources/spi/awtProvider> (0x00000000c66c0040) 
thrown [s\open\src\hotspot\share\classfile\systemDictionary.cpp, line 255]
Event: 0.514 Thread 0x000001fbb4a265c0 Exception <a 'java/io/FileNotFoundException'{0x00000000c65141f0}> (0x00000000c65141f0) 
thrown [s\open\src\hotspot\share\prims\jni.cpp, line 516]
Event: 0.546 Thread 0x000001fbb4a265c0 Exception <a 'java/io/FileNotFoundException'{0x00000000c6541700}> (0x00000000c6541700) 
thrown [s\open\src\hotspot\share\prims\jni.cpp, line 516]
Event: 0.689 Thread 0x000001fbb4a265c0 Exception <a 'java/lang/NoSuchMethodError'{0x00000000c65861d8}: 'java.lang.Object java.lang.invoke.DirectMethodHandle$Holder.invokeStaticInit(java.lang.Object)'> (0x00000000c65861d8) 
thrown [s\open\src\hotspot\share\interpreter\linkResolver.cpp, line 766]
Event: 0.889 Thread 0x000001fbb4a265c0 Exception <a 'java/lang/NoSuchMethodError'{0x00000000c65ee7a8}: 'void java.lang.invoke.DirectMethodHandle$Holder.invokeSpecial(java.lang.Object, java.lang.Object, java.lang.Object)'> (0x00000000c65ee7a8) 
thrown [s\open\src\hotspot\share\interpreter\linkResolver.cpp, line 766]
Event: 0.927 Thread 0x000001fbb4a265c0 Exception <a 'java/lang/NoSuchMethodError'{0x00000000c641a018}: 'java.lang.Object java.lang.invoke.DirectMethodHandle$Holder.newInvokeSpecial(java.lang.Object, java.lang.Object, java.lang.Object, java.lang.Object, java.lang.Object)'> (0x00000000c641a018) 
thrown [s\open\src\hotspot\share\interpreter\linkResolver.cpp, line 766]
Event: 0.965 Thread 0x000001fbb4a265c0 Exception <a 'java/lang/NoSuchMethodError'{0x00000000c644c080}: 'java.lang.Object java.lang.invoke.DirectMethodHandle$Holder.invokeStatic(java.lang.Object, int, java.lang.Object)'> (0x00000000c644c080) 
thrown [s\open\src\hotspot\share\interpreter\linkResolver.cpp, line 766]
Event: 1.086 Thread 0x000001fbb4a265c0 Exception <a 'java/lang/ClassNotFoundException'{0x00000000c6309e78}: com/sun/swing/internal/plaf/metal/resources/spi/metalProvider> (0x00000000c6309e78) 
thrown [s\open\src\hotspot\share\classfile\systemDictionary.cpp, line 255]
Event: 1.089 Thread 0x000001fbb4a265c0 Exception <a 'java/lang/ClassNotFoundException'{0x00000000c630df00}: com/sun/swing/internal/plaf/basic/resources/spi/basicProvider> (0x00000000c630df00) 
thrown [s\open\src\hotspot\share\classfile\systemDictionary.cpp, line 255]
Event: 1.125 Thread 0x000001fbb4a265c0 Exception <a 'java/lang/NoSuchMethodError'{0x00000000c632e650}: 'int java.lang.invoke.Invokers$Holder.invokeExact_MT(java.lang.Object, java.lang.Object)'> (0x00000000c632e650) 
thrown [s\open\src\hotspot\share\interpreter\linkResolver.cpp, line 766]
Event: 1.373 Thread 0x000001fbd3ef9080 Exception <a 'java/lang/NoSuchMethodError'{0x00000000c62bab60}: 'java.lang.Object java.lang.invoke.DirectMethodHandle$Holder.newInvokeSpecial(java.lang.Object, java.lang.Object, java.lang.Object, int, int, int, int, int)'> (0x00000000c62bab60) 
thrown [s\open\src\hotspot\share\interpreter\linkResolver.cpp, line 766]

VM Operations (20 events):
Event: 1.552 Executing VM operation: G1CollectForAllocation done
Event: 1.674 Executing VM operation: G1CollectForAllocation
Event: 1.676 Executing VM operation: G1CollectForAllocation done
Event: 1.686 Executing VM operation: G1Concurrent
Event: 1.689 Executing VM operation: G1Concurrent done
Event: 1.694 Executing VM operation: G1Concurrent
Event: 1.694 Executing VM operation: G1Concurrent done
Event: 2.101 Executing VM operation: G1CollectForAllocation
Event: 2.103 Executing VM operation: G1CollectForAllocation done
Event: 2.366 Executing VM operation: HandshakeAllThreads
Event: 2.367 Executing VM operation: HandshakeAllThreads done
Event: 2.372 Executing VM operation: G1TryInitiateConcMark
Event: 2.375 Executing VM operation: G1TryInitiateConcMark done
Event: 2.385 Executing VM operation: G1Concurrent
Event: 2.387 Executing VM operation: G1Concurrent done
Event: 2.391 Executing VM operation: G1Concurrent
Event: 2.392 Executing VM operation: G1Concurrent done
Event: 3.142 Executing VM operation: G1TryInitiateConcMark
Event: 3.143 Executing VM operation: G1TryInitiateConcMark done
Event: 3.154 Executing VM operation: G1Concurrent

Events (20 events):
Event: 0.083 Thread 0x000001fbcf733df0 Thread added: 0x000001fbcf733df0
Event: 0.083 Thread 0x000001fbcf734790 Thread added: 0x000001fbcf734790
Event: 0.083 Thread 0x000001fbcf735130 Thread added: 0x000001fbcf735130
Event: 0.083 Thread 0x000001fbcf735ad0 Thread added: 0x000001fbcf735ad0
Event: 0.084 Thread 0x000001fbcf7367a0 Thread added: 0x000001fbcf7367a0
Event: 0.084 Thread 0x000001fbcf7475d0 Thread added: 0x000001fbcf7475d0
Event: 0.104 Thread 0x000001fbcf7b1200 Thread added: 0x000001fbcf7b1200
Event: 0.178 Thread 0x000001fbd3c207e0 Thread added: 0x000001fbd3c207e0
Event: 0.234 Loaded shared library C:\Program Files\Java\jdk-18.0.1.1\bin\net.dll
Event: 0.239 Loaded shared library C:\Program Files\Java\jdk-18.0.1.1\bin\nio.dll
Event: 0.332 Thread 0x000001fbd3ce0f60 Thread added: 0x000001fbd3ce0f60
Event: 0.356 Loaded shared library C:\Program Files\Java\jdk-18.0.1.1\bin\zip.dll
Event: 0.387 Loaded shared library C:\Program Files\Java\jdk-18.0.1.1\bin\jimage.dll
Event: 0.463 Loaded shared library C:\Program Files\Java\jdk-18.0.1.1\bin\awt.dll
Event: 0.692 Thread 0x000001fbd3d97b00 Thread added: 0x000001fbd3d97b00
Event: 0.694 Thread 0x000001fbd3d97fc0 Thread added: 0x000001fbd3d97fc0
Event: 0.698 Thread 0x000001fbd3e6afe0 Thread added: 0x000001fbd3e6afe0
Event: 1.145 Thread 0x000001fbd3ef9080 Thread added: 0x000001fbd3ef9080
Event: 1.366 Loaded shared library C:\Program Files\Java\jdk-18.0.1.1\bin\javajpeg.dll
Event: 1.754 Thread 0x000001fbd3d97fc0 Thread exited: 0x000001fbd3d97fc0


Dynamic libraries:
0x00007ff7381e0000 - 0x00007ff7381f0000 	C:\Program Files\Java\jdk-18.0.1.1\bin\java.exe
0x00007ff95de00000 - 0x00007ff95e007000 	C:\Windows\SYSTEM32\ntdll.dll
0x00007ff9536b0000 - 0x00007ff9536c6000 	C:\Program Files\Avast Software\Avast\aswhook.dll
0x00007ff95c480000 - 0x00007ff95c53d000 	C:\Windows\System32\KERNEL32.DLL
0x00007ff95b320000 - 0x00007ff95b692000 	C:\Windows\System32\KERNELBASE.dll
0x00007ff95b800000 - 0x00007ff95b911000 	C:\Windows\System32\ucrtbase.dll
0x00007ff92dee0000 - 0x00007ff92def8000 	C:\Program Files\Java\jdk-18.0.1.1\bin\jli.dll
0x00007ff95c560000 - 0x00007ff95c60c000 	C:\Windows\System32\ADVAPI32.dll
0x00007ff95c8f0000 - 0x00007ff95c993000 	C:\Windows\System32\msvcrt.dll
0x00007ff95be70000 - 0x00007ff95bf0d000 	C:\Windows\System32\sechost.dll
0x00007ff95cc80000 - 0x00007ff95cda1000 	C:\Windows\System32\RPCRT4.dll
0x00007ff95dc10000 - 0x00007ff95ddbc000 	C:\Windows\System32\USER32.dll
0x00007ff95b920000 - 0x00007ff95b946000 	C:\Windows\System32\win32u.dll
0x00007ff95c9a0000 - 0x00007ff95c9c9000 	C:\Windows\System32\GDI32.dll
0x00007ff95bbb0000 - 0x00007ff95bcc2000 	C:\Windows\System32\gdi32full.dll
0x00007ff95b6a0000 - 0x00007ff95b73d000 	C:\Windows\System32\msvcp_win.dll
0x00007ff93abc0000 - 0x00007ff93abda000 	C:\Program Files\Java\jdk-18.0.1.1\bin\VCRUNTIME140.dll
0x00007ff949100000 - 0x00007ff9493a5000 	C:\Windows\WinSxS\amd64_microsoft.windows.common-controls_6595b64144ccf1df_6.0.21996.1_none_7d6b053978bcd706\COMCTL32.dll
0x00007ff9523d0000 - 0x00007ff9523da000 	C:\Windows\SYSTEM32\VERSION.dll
0x00007ff95c290000 - 0x00007ff95c2c1000 	C:\Windows\System32\IMM32.DLL
0x00007ff9414d0000 - 0x00007ff9414dc000 	C:\Program Files\Java\jdk-18.0.1.1\bin\vcruntime140_1.dll
0x00007ff91e9e0000 - 0x00007ff91ea6d000 	C:\Program Files\Java\jdk-18.0.1.1\bin\msvcp140.dll
0x00007ff91b180000 - 0x00007ff91bd90000 	C:\Program Files\Java\jdk-18.0.1.1\bin\server\jvm.dll
0x00007ff95be60000 - 0x00007ff95be68000 	C:\Windows\System32\PSAPI.DLL
0x00007ff959250000 - 0x00007ff959259000 	C:\Windows\SYSTEM32\WSOCK32.dll
0x00007ff95cdb0000 - 0x00007ff95ce1f000 	C:\Windows\System32\WS2_32.dll
0x00007ff9535a0000 - 0x00007ff9535d3000 	C:\Windows\SYSTEM32\WINMM.dll
0x00007ff95a450000 - 0x00007ff95a467000 	C:\Windows\SYSTEM32\kernel.appcore.dll
0x00007ff93f560000 - 0x00007ff93f56a000 	C:\Program Files\Java\jdk-18.0.1.1\bin\jimage.dll
0x00007ff958ea0000 - 0x00007ff9590c1000 	C:\Windows\SYSTEM32\DBGHELP.DLL
0x00007ff952340000 - 0x00007ff952371000 	C:\Windows\SYSTEM32\dbgcore.DLL
0x00007ff95bb30000 - 0x00007ff95bbb0000 	C:\Windows\System32\bcryptPrimitives.dll
0x00007ff934fb0000 - 0x00007ff934fd5000 	C:\Program Files\Java\jdk-18.0.1.1\bin\java.dll
0x00007ff91d280000 - 0x00007ff91d356000 	C:\Program Files\Java\jdk-18.0.1.1\bin\jsvml.dll
0x00007ff95cfa0000 - 0x00007ff95d709000 	C:\Windows\System32\SHELL32.dll
0x00007ff9594e0000 - 0x00007ff959d38000 	C:\Windows\SYSTEM32\windows.storage.dll
0x00007ff95bf10000 - 0x00007ff95c285000 	C:\Windows\System32\combase.dll
0x00007ff959370000 - 0x00007ff9594d6000 	C:\Windows\SYSTEM32\wintypes.dll
0x00007ff95ceb0000 - 0x00007ff95cf9a000 	C:\Windows\System32\SHCORE.dll
0x00007ff95be00000 - 0x00007ff95be5d000 	C:\Windows\System32\shlwapi.dll
0x00007ff95b250000 - 0x00007ff95b271000 	C:\Windows\SYSTEM32\profapi.dll
0x00007ff93ab60000 - 0x00007ff93ab73000 	C:\Program Files\Java\jdk-18.0.1.1\bin\net.dll
0x00007ff953ce0000 - 0x00007ff953dec000 	C:\Windows\SYSTEM32\WINHTTP.dll
0x00007ff95a8d0000 - 0x00007ff95a937000 	C:\Windows\system32\mswsock.dll
0x00007ff934f90000 - 0x00007ff934fa6000 	C:\Program Files\Java\jdk-18.0.1.1\bin\nio.dll
0x00007ff934f70000 - 0x00007ff934f88000 	C:\Program Files\Java\jdk-18.0.1.1\bin\zip.dll
0x00007ff91d0f0000 - 0x00007ff91d27f000 	C:\Program Files\Java\jdk-18.0.1.1\bin\awt.dll
0x00007ff95c3a0000 - 0x00007ff95c476000 	C:\Windows\System32\OLEAUT32.dll
0x00007ff957d80000 - 0x00007ff957e12000 	C:\Windows\SYSTEM32\apphelp.dll
0x00007ff9586a0000 - 0x00007ff9586d0000 	C:\Windows\system32\DWMAPI.DLL
0x00007ff957e70000 - 0x00007ff957f1c000 	C:\Windows\system32\uxtheme.dll
0x00007ff91c9a0000 - 0x00007ff91caa1000 	C:\Windows\system32\opengl32.dll
0x00007ff920130000 - 0x00007ff92015d000 	C:\Windows\SYSTEM32\GLU32.dll
0x00007ff958300000 - 0x00007ff958338000 	C:\Windows\SYSTEM32\dxcore.dll
0x00007ff95c7b0000 - 0x00007ff95c8ce000 	C:\Windows\System32\MSCTF.dll
0x00007ff95c610000 - 0x00007ff95c7aa000 	C:\Windows\System32\ole32.dll
0x00007ff920ee0000 - 0x00007ff920f0d000 	C:\Program Files\Java\jdk-18.0.1.1\bin\javajpeg.dll

dbghelp: loaded successfully - version: 4.0.5 - missing functions: none
symbol engine: initialized successfully - sym options: 0x614 - pdb path: .;C:\Program Files\Java\jdk-18.0.1.1\bin;C:\Windows\SYSTEM32;C:\Program Files\Avast Software\Avast;C:\Windows\WinSxS\amd64_microsoft.windows.common-controls_6595b64144ccf1df_6.0.21996.1_none_7d6b053978bcd706;C:\Program Files\Java\jdk-18.0.1.1\bin\server

VM Arguments:
jvm_args: -Dfile.encoding=UTF-8 --module-path=D:\project tourism\Travel Management System\build\classes 
java_command: travel.management.system.CheckHotels
java_class_path (initial): D:\Software Setups\mysql-connector-java-8.0.28\mysql-connector-java-8.0.28.jar;D:\project tourism\Travel Management System\build\classes
Launcher Type: SUN_STANDARD

[Global flags]
     intx CICompilerCount                          = 2                                         {product} {ergonomic}
     uint ConcGCThreads                            = 1                                         {product} {ergonomic}
     uint G1ConcRefinementThreads                  = 2                                         {product} {ergonomic}
   size_t G1HeapRegionSize                         = 1048576                                   {product} {ergonomic}
    uintx GCDrainStackTargetSize                   = 64                                        {product} {ergonomic}
   size_t InitialHeapSize                          = 65011712                                  {product} {ergonomic}
   size_t MarkStackSize                            = 4194304                                   {product} {ergonomic}
   size_t MaxHeapSize                              = 1029701632                                {product} {ergonomic}
   size_t MaxNewSize                               = 617611264                                 {product} {ergonomic}
   size_t MinHeapDeltaBytes                        = 1048576                                   {product} {ergonomic}
   size_t MinHeapSize                              = 8388608                                   {product} {ergonomic}
    uintx NonNMethodCodeHeapSize                   = 5826188                                {pd product} {ergonomic}
    uintx NonProfiledCodeHeapSize                  = 122916026                              {pd product} {ergonomic}
    uintx ProfiledCodeHeapSize                     = 122916026                              {pd product} {ergonomic}
    uintx ReservedCodeCacheSize                    = 251658240                              {pd product} {ergonomic}
     bool SegmentedCodeCache                       = true                                      {product} {ergonomic}
   size_t SoftMaxHeapSize                          = 1029701632                             {manageable} {ergonomic}
     bool UseCompressedClassPointers               = true                           {product lp64_product} {ergonomic}
     bool UseCompressedOops                        = true                           {product lp64_product} {ergonomic}
     bool UseG1GC                                  = true                                      {product} {ergonomic}
     bool UseLargePagesIndividualAllocation        = false                                  {pd product} {ergonomic}

Logging:
Log output configuration:
 #0: stdout all=warning uptime,level,tags foldmultilines=false
 #1: stderr all=off uptime,level,tags foldmultilines=false

Environment Variables:
JAVA_HOME=C:\Program Files\Java\jdk-18.0.1.1
PATH=C:\Program Files\Common Files\Oracle\Java\javapath;C:\ProgramData\Oracle\Java\javapath;C:\Windows\system32;C:\Windows;C:\Windows\System32\Wbem;C:\Windows\System32\WindowsPowerShell\v1.0\;C:\Windows\System32\OpenSSH\;C:\Program Files\Java\jdk-18.0.1.1\bin;C:\Program Files\MySQL\MySQL Shell 8.0\bin\;C:\Users\JANET\AppData\Local\Microsoft\WindowsApps;;C:\Users\JANET\AppData\Local\Programs\Microsoft VS Code\bin
USERNAME=JANET
OS=Windows_NT
PROCESSOR_IDENTIFIER=Intel64 Family 6 Model 92 Stepping 9, GenuineIntel



---------------  S Y S T E M  ---------------

OS:
 Windows 10 , 64 bit Build 21996 (10.0.21996.1)
OS uptime: 1 days 4:17 hours

CPU: total 2 (initial active 2) (2 cores per cpu, 1 threads per core) family 6 model 92 stepping 9 microcode 0x38, cx8, cmov, fxsr, mmx, 3dnowpref, sse, sse2, sse3, ssse3, sse4.1, sse4.2, popcnt, tsc, tscinvbit, aes, erms, clmul, sha, clflush, clflushopt

Memory: 4k page, system-wide physical 3922M (953M free)
TotalPageFile size 15682M (AvailPageFile size 49M)
current process WorkingSet (physical memory assigned to process): 185M, peak: 185M
current process commit charge ("private bytes"): 220M, peak: 297M

vm_info: Java HotSpot(TM) 64-Bit Server VM (18.0.1.1+2-6) for windows-amd64 JRE (18.0.1.1+2-6), built on Apr 25 2022 21:53:15 by "mach5one" with MS VC++ 16.8 / 16.9 (VS2019)

END.
